{"D:\\developer\\KanbanProject\\frontend\\src\\components\\EditableText.jsx": {"path":"D:\\developer\\KanbanProject\\frontend\\src\\components\\EditableText.jsx","statementMap":{"0":{"start":{"line":11,"column":36},"end":{"line":11,"column":51}},"1":{"start":{"line":12,"column":28},"end":{"line":12,"column":42}},"2":{"start":{"line":13,"column":19},"end":{"line":13,"column":31}},"3":{"start":{"line":14,"column":18},"end":{"line":14,"column":30}},"4":{"start":{"line":16,"column":2},"end":{"line":21,"column":18}},"5":{"start":{"line":17,"column":4},"end":{"line":20,"column":5}},"6":{"start":{"line":18,"column":6},"end":{"line":18,"column":31}},"7":{"start":{"line":19,"column":6},"end":{"line":19,"column":32}},"8":{"start":{"line":24,"column":2},"end":{"line":26,"column":13}},"9":{"start":{"line":25,"column":4},"end":{"line":25,"column":19}},"10":{"start":{"line":28,"column":28},"end":{"line":30,"column":3}},"11":{"start":{"line":29,"column":4},"end":{"line":29,"column":23}},"12":{"start":{"line":32,"column":21},"end":{"line":42,"column":3}},"13":{"start":{"line":33,"column":4},"end":{"line":40,"column":5}},"14":{"start":{"line":34,"column":22},"end":{"line":34,"column":60}},"15":{"start":{"line":35,"column":6},"end":{"line":37,"column":7}},"16":{"start":{"line":36,"column":8},"end":{"line":36,"column":23}},"17":{"start":{"line":38,"column":11},"end":{"line":40,"column":5}},"18":{"start":{"line":39,"column":6},"end":{"line":39,"column":21}},"19":{"start":{"line":41,"column":4},"end":{"line":41,"column":24}},"20":{"start":{"line":44,"column":24},"end":{"line":51,"column":3}},"21":{"start":{"line":45,"column":4},"end":{"line":50,"column":5}},"22":{"start":{"line":46,"column":6},"end":{"line":46,"column":30}},"23":{"start":{"line":47,"column":11},"end":{"line":50,"column":5}},"24":{"start":{"line":48,"column":6},"end":{"line":48,"column":21}},"25":{"start":{"line":49,"column":6},"end":{"line":49,"column":26}},"26":{"start":{"line":53,"column":2},"end":{"line":66,"column":3}},"27":{"start":{"line":54,"column":4},"end":{"line":65,"column":6}},"28":{"start":{"line":59,"column":25},"end":{"line":59,"column":49}},"29":{"start":{"line":68,"column":2},"end":{"line":78,"column":4}}},"fnMap":{"0":{"name":"EditableText","decl":{"start":{"line":3,"column":9},"end":{"line":3,"column":21}},"loc":{"start":{"line":10,"column":3},"end":{"line":79,"column":1}},"line":10},"1":{"name":"(anonymous_1)","decl":{"start":{"line":16,"column":12},"end":{"line":16,"column":13}},"loc":{"start":{"line":16,"column":18},"end":{"line":21,"column":3}},"line":16},"2":{"name":"(anonymous_2)","decl":{"start":{"line":24,"column":12},"end":{"line":24,"column":13}},"loc":{"start":{"line":24,"column":18},"end":{"line":26,"column":3}},"line":24},"3":{"name":"(anonymous_3)","decl":{"start":{"line":28,"column":28},"end":{"line":28,"column":29}},"loc":{"start":{"line":28,"column":34},"end":{"line":30,"column":3}},"line":28},"4":{"name":"(anonymous_4)","decl":{"start":{"line":32,"column":21},"end":{"line":32,"column":22}},"loc":{"start":{"line":32,"column":33},"end":{"line":42,"column":3}},"line":32},"5":{"name":"(anonymous_5)","decl":{"start":{"line":44,"column":24},"end":{"line":44,"column":25}},"loc":{"start":{"line":44,"column":31},"end":{"line":51,"column":3}},"line":44},"6":{"name":"(anonymous_6)","decl":{"start":{"line":59,"column":18},"end":{"line":59,"column":19}},"loc":{"start":{"line":59,"column":25},"end":{"line":59,"column":49}},"line":59}},"branchMap":{"0":{"loc":{"start":{"line":7,"column":2},"end":{"line":7,"column":16}},"type":"default-arg","locations":[{"start":{"line":7,"column":14},"end":{"line":7,"column":16}}],"line":7},"1":{"loc":{"start":{"line":8,"column":2},"end":{"line":8,"column":21}},"type":"default-arg","locations":[{"start":{"line":8,"column":19},"end":{"line":8,"column":21}}],"line":8},"2":{"loc":{"start":{"line":9,"column":2},"end":{"line":9,"column":18}},"type":"default-arg","locations":[{"start":{"line":9,"column":9},"end":{"line":9,"column":18}}],"line":9},"3":{"loc":{"start":{"line":17,"column":4},"end":{"line":20,"column":5}},"type":"if","locations":[{"start":{"line":17,"column":4},"end":{"line":20,"column":5}},{"start":{},"end":{}}],"line":17},"4":{"loc":{"start":{"line":17,"column":8},"end":{"line":17,"column":37}},"type":"binary-expr","locations":[{"start":{"line":17,"column":8},"end":{"line":17,"column":17}},{"start":{"line":17,"column":21},"end":{"line":17,"column":37}}],"line":17},"5":{"loc":{"start":{"line":33,"column":4},"end":{"line":40,"column":5}},"type":"if","locations":[{"start":{"line":33,"column":4},"end":{"line":40,"column":5}},{"start":{"line":38,"column":11},"end":{"line":40,"column":5}}],"line":33},"6":{"loc":{"start":{"line":33,"column":8},"end":{"line":33,"column":52}},"type":"binary-expr","locations":[{"start":{"line":33,"column":8},"end":{"line":33,"column":29}},{"start":{"line":33,"column":33},"end":{"line":33,"column":52}}],"line":33},"7":{"loc":{"start":{"line":35,"column":6},"end":{"line":37,"column":7}},"type":"if","locations":[{"start":{"line":35,"column":6},"end":{"line":37,"column":7}},{"start":{},"end":{}}],"line":35},"8":{"loc":{"start":{"line":38,"column":11},"end":{"line":40,"column":5}},"type":"if","locations":[{"start":{"line":38,"column":11},"end":{"line":40,"column":5}},{"start":{},"end":{}}],"line":38},"9":{"loc":{"start":{"line":45,"column":4},"end":{"line":50,"column":5}},"type":"if","locations":[{"start":{"line":45,"column":4},"end":{"line":50,"column":5}},{"start":{"line":47,"column":11},"end":{"line":50,"column":5}}],"line":45},"10":{"loc":{"start":{"line":47,"column":11},"end":{"line":50,"column":5}},"type":"if","locations":[{"start":{"line":47,"column":11},"end":{"line":50,"column":5}},{"start":{},"end":{}}],"line":47},"11":{"loc":{"start":{"line":53,"column":2},"end":{"line":66,"column":3}},"type":"if","locations":[{"start":{"line":53,"column":2},"end":{"line":66,"column":3}},{"start":{},"end":{}}],"line":53}},"s":{"0":22,"1":22,"2":22,"3":22,"4":22,"5":11,"6":0,"7":0,"8":22,"9":11,"10":22,"11":0,"12":22,"13":0,"14":0,"15":0,"16":0,"17":0,"18":0,"19":0,"20":22,"21":0,"22":0,"23":0,"24":0,"25":0,"26":22,"27":0,"28":0,"29":22},"f":{"0":22,"1":11,"2":11,"3":0,"4":0,"5":0,"6":0},"b":{"0":[0],"1":[0],"2":[0],"3":[0,11],"4":[11,0],"5":[0,0],"6":[0,0],"7":[0,0],"8":[0,0],"9":[0,0],"10":[0,0],"11":[0,22]},"_coverageSchema":"1a1c01bbd47fc00a2c39e90264f33305004495a9","hash":"58c6f98730a252c8ad62b9965c93b8b557296e92"}
,"D:\\developer\\KanbanProject\\frontend\\src\\components\\Task.jsx": {"path":"D:\\developer\\KanbanProject\\frontend\\src\\components\\Task.jsx","statementMap":{"0":{"start":{"line":9,"column":68},"end":{"line":9,"column":79}},"1":{"start":{"line":10,"column":40},"end":{"line":10,"column":55}},"2":{"start":{"line":11,"column":36},"end":{"line":11,"column":50}},"3":{"start":{"line":12,"column":54},"end":{"line":12,"column":69}},"4":{"start":{"line":13,"column":38},"end":{"line":13,"column":53}},"5":{"start":{"line":14,"column":48},"end":{"line":14,"column":62}},"6":{"start":{"line":15,"column":40},"end":{"line":15,"column":55}},"7":{"start":{"line":16,"column":60},"end":{"line":16,"column":75}},"8":{"start":{"line":18,"column":18},"end":{"line":18,"column":30}},"9":{"start":{"line":19,"column":28},"end":{"line":19,"column":40}},"10":{"start":{"line":22,"column":34},"end":{"line":30,"column":15}},"11":{"start":{"line":23,"column":4},"end":{"line":29,"column":5}},"12":{"start":{"line":24,"column":23},"end":{"line":24,"column":59}},"13":{"start":{"line":25,"column":31},"end":{"line":25,"column":75}},"14":{"start":{"line":25,"column":56},"end":{"line":25,"column":74}},"15":{"start":{"line":26,"column":6},"end":{"line":26,"column":49}},"16":{"start":{"line":28,"column":6},"end":{"line":28,"column":55}},"17":{"start":{"line":32,"column":2},"end":{"line":55,"column":55}},"18":{"start":{"line":34,"column":4},"end":{"line":41,"column":5}},"19":{"start":{"line":36,"column":6},"end":{"line":40,"column":9}},"20":{"start":{"line":37,"column":8},"end":{"line":39,"column":9}},"21":{"start":{"line":38,"column":10},"end":{"line":38,"column":28}},"22":{"start":{"line":44,"column":4},"end":{"line":44,"column":30}},"23":{"start":{"line":47,"column":4},"end":{"line":54,"column":6}},"24":{"start":{"line":48,"column":6},"end":{"line":50,"column":7}},"25":{"start":{"line":49,"column":8},"end":{"line":49,"column":39}},"26":{"start":{"line":51,"column":6},"end":{"line":53,"column":7}},"27":{"start":{"line":52,"column":8},"end":{"line":52,"column":48}},"28":{"start":{"line":57,"column":2},"end":{"line":68,"column":32}},"29":{"start":{"line":58,"column":32},"end":{"line":60,"column":5}},"30":{"start":{"line":59,"column":6},"end":{"line":59,"column":32}},"31":{"start":{"line":63,"column":4},"end":{"line":63,"column":68}},"32":{"start":{"line":65,"column":4},"end":{"line":67,"column":6}},"33":{"start":{"line":66,"column":6},"end":{"line":66,"column":73}},"34":{"start":{"line":71,"column":2},"end":{"line":79,"column":24}},"35":{"start":{"line":72,"column":4},"end":{"line":78,"column":5}},"36":{"start":{"line":73,"column":20},"end":{"line":75,"column":14}},"37":{"start":{"line":74,"column":8},"end":{"line":74,"column":33}},"38":{"start":{"line":77,"column":6},"end":{"line":77,"column":39}},"39":{"start":{"line":77,"column":19},"end":{"line":77,"column":38}},"40":{"start":{"line":81,"column":26},"end":{"line":89,"column":3}},"41":{"start":{"line":82,"column":4},"end":{"line":87,"column":65}},"42":{"start":{"line":87,"column":58},"end":{"line":87,"column":65}},"43":{"start":{"line":88,"column":4},"end":{"line":88,"column":33}},"44":{"start":{"line":91,"column":28},"end":{"line":94,"column":3}},"45":{"start":{"line":92,"column":4},"end":{"line":92,"column":24}},"46":{"start":{"line":93,"column":4},"end":{"line":93,"column":32}},"47":{"start":{"line":96,"column":30},"end":{"line":105,"column":3}},"48":{"start":{"line":97,"column":4},"end":{"line":97,"column":24}},"49":{"start":{"line":98,"column":4},"end":{"line":98,"column":33}},"50":{"start":{"line":99,"column":24},"end":{"line":99,"column":39}},"51":{"start":{"line":100,"column":4},"end":{"line":100,"column":36}},"52":{"start":{"line":101,"column":4},"end":{"line":101,"column":53}},"53":{"start":{"line":102,"column":4},"end":{"line":104,"column":12}},"54":{"start":{"line":103,"column":6},"end":{"line":103,"column":26}},"55":{"start":{"line":107,"column":29},"end":{"line":110,"column":3}},"56":{"start":{"line":108,"column":4},"end":{"line":108,"column":24}},"57":{"start":{"line":109,"column":4},"end":{"line":109,"column":33}},"58":{"start":{"line":112,"column":27},"end":{"line":134,"column":3}},"59":{"start":{"line":113,"column":26},"end":{"line":113,"column":256}},"60":{"start":{"line":115,"column":4},"end":{"line":117,"column":5}},"61":{"start":{"line":116,"column":6},"end":{"line":116,"column":18}},"62":{"start":{"line":119,"column":4},"end":{"line":133,"column":6}},"63":{"start":{"line":126,"column":12},"end":{"line":126,"column":41}},"64":{"start":{"line":137,"column":29},"end":{"line":176,"column":3}},"65":{"start":{"line":138,"column":4},"end":{"line":138,"column":67}},"66":{"start":{"line":141,"column":17},"end":{"line":146,"column":5}},"67":{"start":{"line":149,"column":23},"end":{"line":149,"column":43}},"68":{"start":{"line":150,"column":4},"end":{"line":150,"column":59}},"69":{"start":{"line":153,"column":4},"end":{"line":153,"column":46}},"70":{"start":{"line":154,"column":4},"end":{"line":154,"column":49}},"71":{"start":{"line":156,"column":4},"end":{"line":156,"column":42}},"72":{"start":{"line":159,"column":4},"end":{"line":161,"column":5}},"73":{"start":{"line":160,"column":6},"end":{"line":160,"column":48}},"74":{"start":{"line":164,"column":4},"end":{"line":175,"column":5}},"75":{"start":{"line":165,"column":6},"end":{"line":165,"column":27}},"76":{"start":{"line":168,"column":6},"end":{"line":170,"column":7}},"77":{"start":{"line":169,"column":8},"end":{"line":169,"column":48}},"78":{"start":{"line":172,"column":6},"end":{"line":174,"column":15}},"79":{"start":{"line":173,"column":8},"end":{"line":173,"column":30}},"80":{"start":{"line":178,"column":21},"end":{"line":187,"column":3}},"81":{"start":{"line":179,"column":4},"end":{"line":179,"column":23}},"82":{"start":{"line":180,"column":4},"end":{"line":180,"column":24}},"83":{"start":{"line":183,"column":4},"end":{"line":186,"column":5}},"84":{"start":{"line":185,"column":6},"end":{"line":185,"column":26}},"85":{"start":{"line":189,"column":22},"end":{"line":193,"column":3}},"86":{"start":{"line":190,"column":4},"end":{"line":190,"column":23}},"87":{"start":{"line":191,"column":4},"end":{"line":191,"column":24}},"88":{"start":{"line":192,"column":4},"end":{"line":192,"column":25}},"89":{"start":{"line":195,"column":17},"end":{"line":262,"column":3}},"90":{"start":{"line":196,"column":4},"end":{"line":196,"column":23}},"91":{"start":{"line":197,"column":4},"end":{"line":197,"column":24}},"92":{"start":{"line":198,"column":4},"end":{"line":198,"column":25}},"93":{"start":{"line":201,"column":4},"end":{"line":201,"column":26}},"94":{"start":{"line":202,"column":4},"end":{"line":204,"column":5}},"95":{"start":{"line":203,"column":6},"end":{"line":203,"column":46}},"96":{"start":{"line":207,"column":4},"end":{"line":225,"column":5}},"97":{"start":{"line":208,"column":6},"end":{"line":224,"column":7}},"98":{"start":{"line":209,"column":27},"end":{"line":209,"column":69}},"99":{"start":{"line":210,"column":25},"end":{"line":210,"column":47}},"100":{"start":{"line":213,"column":30},"end":{"line":213,"column":41}},"101":{"start":{"line":216,"column":8},"end":{"line":218,"column":9}},"102":{"start":{"line":217,"column":10},"end":{"line":217,"column":17}},"103":{"start":{"line":221,"column":8},"end":{"line":221,"column":62}},"104":{"start":{"line":223,"column":8},"end":{"line":223,"column":73}},"105":{"start":{"line":228,"column":4},"end":{"line":261,"column":5}},"106":{"start":{"line":229,"column":6},"end":{"line":260,"column":7}},"107":{"start":{"line":230,"column":27},"end":{"line":230,"column":69}},"108":{"start":{"line":231,"column":25},"end":{"line":231,"column":47}},"109":{"start":{"line":233,"column":8},"end":{"line":256,"column":9}},"110":{"start":{"line":234,"column":25},"end":{"line":234,"column":40}},"111":{"start":{"line":236,"column":10},"end":{"line":236,"column":80}},"112":{"start":{"line":238,"column":10},"end":{"line":255,"column":11}},"113":{"start":{"line":240,"column":12},"end":{"line":240,"column":62}},"114":{"start":{"line":243,"column":35},"end":{"line":243,"column":72}},"115":{"start":{"line":244,"column":12},"end":{"line":246,"column":13}},"116":{"start":{"line":245,"column":14},"end":{"line":245,"column":42}},"117":{"start":{"line":249,"column":12},"end":{"line":249,"column":27}},"118":{"start":{"line":250,"column":12},"end":{"line":250,"column":37}},"119":{"start":{"line":253,"column":12},"end":{"line":253,"column":80}},"120":{"start":{"line":254,"column":12},"end":{"line":254,"column":66}},"121":{"start":{"line":258,"column":8},"end":{"line":258,"column":58}},"122":{"start":{"line":259,"column":8},"end":{"line":259,"column":63}},"123":{"start":{"line":264,"column":27},"end":{"line":277,"column":3}},"124":{"start":{"line":265,"column":4},"end":{"line":265,"column":33}},"125":{"start":{"line":268,"column":4},"end":{"line":268,"column":26}},"126":{"start":{"line":269,"column":4},"end":{"line":271,"column":5}},"127":{"start":{"line":270,"column":6},"end":{"line":270,"column":46}},"128":{"start":{"line":274,"column":4},"end":{"line":276,"column":5}},"129":{"start":{"line":275,"column":6},"end":{"line":275,"column":51}},"130":{"start":{"line":279,"column":29},"end":{"line":285,"column":3}},"131":{"start":{"line":280,"column":4},"end":{"line":280,"column":24}},"132":{"start":{"line":281,"column":4},"end":{"line":281,"column":26}},"133":{"start":{"line":282,"column":4},"end":{"line":284,"column":5}},"134":{"start":{"line":283,"column":6},"end":{"line":283,"column":46}},"135":{"start":{"line":287,"column":27},"end":{"line":319,"column":3}},"136":{"start":{"line":288,"column":4},"end":{"line":288,"column":62}},"137":{"start":{"line":288,"column":50},"end":{"line":288,"column":62}},"138":{"start":{"line":291,"column":26},"end":{"line":291,"column":49}},"139":{"start":{"line":292,"column":27},"end":{"line":292,"column":49}},"140":{"start":{"line":294,"column":4},"end":{"line":318,"column":6}},"141":{"start":{"line":297,"column":29},"end":{"line":297,"column":49}},"142":{"start":{"line":298,"column":10},"end":{"line":310,"column":12}},"143":{"start":{"line":322,"column":24},"end":{"line":341,"column":3}},"144":{"start":{"line":324,"column":25},"end":{"line":324,"column":60}},"145":{"start":{"line":325,"column":4},"end":{"line":328,"column":5}},"146":{"start":{"line":326,"column":23},"end":{"line":326,"column":47}},"147":{"start":{"line":327,"column":6},"end":{"line":327,"column":58}},"148":{"start":{"line":327,"column":31},"end":{"line":327,"column":58}},"149":{"start":{"line":331,"column":21},"end":{"line":338,"column":5}},"150":{"start":{"line":340,"column":4},"end":{"line":340,"column":44}},"151":{"start":{"line":343,"column":2},"end":{"line":427,"column":4}},"152":{"start":{"line":409,"column":54},"end":{"line":409,"column":73}},"153":{"start":{"line":422,"column":25},"end":{"line":422,"column":46}}},"fnMap":{"0":{"name":"Task","decl":{"start":{"line":8,"column":9},"end":{"line":8,"column":13}},"loc":{"start":{"line":8,"column":34},"end":{"line":428,"column":1}},"line":8},"1":{"name":"(anonymous_1)","decl":{"start":{"line":22,"column":46},"end":{"line":22,"column":47}},"loc":{"start":{"line":22,"column":58},"end":{"line":30,"column":3}},"line":22},"2":{"name":"(anonymous_2)","decl":{"start":{"line":25,"column":45},"end":{"line":25,"column":46}},"loc":{"start":{"line":25,"column":56},"end":{"line":25,"column":74}},"line":25},"3":{"name":"(anonymous_3)","decl":{"start":{"line":32,"column":12},"end":{"line":32,"column":13}},"loc":{"start":{"line":32,"column":18},"end":{"line":55,"column":3}},"line":32},"4":{"name":"(anonymous_4)","decl":{"start":{"line":36,"column":42},"end":{"line":36,"column":43}},"loc":{"start":{"line":36,"column":49},"end":{"line":40,"column":7}},"line":36},"5":{"name":"(anonymous_5)","decl":{"start":{"line":47,"column":11},"end":{"line":47,"column":12}},"loc":{"start":{"line":47,"column":17},"end":{"line":54,"column":5}},"line":47},"6":{"name":"(anonymous_6)","decl":{"start":{"line":57,"column":12},"end":{"line":57,"column":13}},"loc":{"start":{"line":57,"column":18},"end":{"line":68,"column":3}},"line":57},"7":{"name":"(anonymous_7)","decl":{"start":{"line":58,"column":32},"end":{"line":58,"column":33}},"loc":{"start":{"line":58,"column":38},"end":{"line":60,"column":5}},"line":58},"8":{"name":"(anonymous_8)","decl":{"start":{"line":65,"column":11},"end":{"line":65,"column":12}},"loc":{"start":{"line":65,"column":17},"end":{"line":67,"column":5}},"line":65},"9":{"name":"(anonymous_9)","decl":{"start":{"line":71,"column":12},"end":{"line":71,"column":13}},"loc":{"start":{"line":71,"column":18},"end":{"line":79,"column":3}},"line":71},"10":{"name":"(anonymous_10)","decl":{"start":{"line":73,"column":31},"end":{"line":73,"column":32}},"loc":{"start":{"line":73,"column":37},"end":{"line":75,"column":7}},"line":73},"11":{"name":"(anonymous_11)","decl":{"start":{"line":77,"column":13},"end":{"line":77,"column":14}},"loc":{"start":{"line":77,"column":19},"end":{"line":77,"column":38}},"line":77},"12":{"name":"(anonymous_12)","decl":{"start":{"line":81,"column":26},"end":{"line":81,"column":27}},"loc":{"start":{"line":81,"column":33},"end":{"line":89,"column":3}},"line":81},"13":{"name":"(anonymous_13)","decl":{"start":{"line":91,"column":28},"end":{"line":91,"column":29}},"loc":{"start":{"line":91,"column":35},"end":{"line":94,"column":3}},"line":91},"14":{"name":"(anonymous_14)","decl":{"start":{"line":96,"column":30},"end":{"line":96,"column":31}},"loc":{"start":{"line":96,"column":37},"end":{"line":105,"column":3}},"line":96},"15":{"name":"(anonymous_15)","decl":{"start":{"line":102,"column":15},"end":{"line":102,"column":16}},"loc":{"start":{"line":102,"column":21},"end":{"line":104,"column":5}},"line":102},"16":{"name":"(anonymous_16)","decl":{"start":{"line":107,"column":29},"end":{"line":107,"column":30}},"loc":{"start":{"line":107,"column":36},"end":{"line":110,"column":3}},"line":107},"17":{"name":"(anonymous_17)","decl":{"start":{"line":112,"column":27},"end":{"line":112,"column":28}},"loc":{"start":{"line":112,"column":33},"end":{"line":134,"column":3}},"line":112},"18":{"name":"(anonymous_18)","decl":{"start":{"line":125,"column":19},"end":{"line":125,"column":20}},"loc":{"start":{"line":125,"column":26},"end":{"line":127,"column":11}},"line":125},"19":{"name":"(anonymous_19)","decl":{"start":{"line":137,"column":29},"end":{"line":137,"column":30}},"loc":{"start":{"line":137,"column":36},"end":{"line":176,"column":3}},"line":137},"20":{"name":"(anonymous_20)","decl":{"start":{"line":172,"column":45},"end":{"line":172,"column":46}},"loc":{"start":{"line":172,"column":51},"end":{"line":174,"column":7}},"line":172},"21":{"name":"(anonymous_21)","decl":{"start":{"line":178,"column":21},"end":{"line":178,"column":22}},"loc":{"start":{"line":178,"column":28},"end":{"line":187,"column":3}},"line":178},"22":{"name":"(anonymous_22)","decl":{"start":{"line":189,"column":22},"end":{"line":189,"column":23}},"loc":{"start":{"line":189,"column":29},"end":{"line":193,"column":3}},"line":189},"23":{"name":"(anonymous_23)","decl":{"start":{"line":195,"column":17},"end":{"line":195,"column":18}},"loc":{"start":{"line":195,"column":30},"end":{"line":262,"column":3}},"line":195},"24":{"name":"(anonymous_24)","decl":{"start":{"line":264,"column":27},"end":{"line":264,"column":28}},"loc":{"start":{"line":264,"column":33},"end":{"line":277,"column":3}},"line":264},"25":{"name":"(anonymous_25)","decl":{"start":{"line":279,"column":29},"end":{"line":279,"column":30}},"loc":{"start":{"line":279,"column":36},"end":{"line":285,"column":3}},"line":279},"26":{"name":"(anonymous_26)","decl":{"start":{"line":287,"column":27},"end":{"line":287,"column":28}},"loc":{"start":{"line":287,"column":33},"end":{"line":319,"column":3}},"line":287},"27":{"name":"(anonymous_27)","decl":{"start":{"line":296,"column":27},"end":{"line":296,"column":28}},"loc":{"start":{"line":296,"column":38},"end":{"line":311,"column":9}},"line":296},"28":{"name":"(anonymous_28)","decl":{"start":{"line":322,"column":24},"end":{"line":322,"column":25}},"loc":{"start":{"line":322,"column":39},"end":{"line":341,"column":3}},"line":322},"29":{"name":"(anonymous_29)","decl":{"start":{"line":409,"column":49},"end":{"line":409,"column":50}},"loc":{"start":{"line":409,"column":54},"end":{"line":409,"column":73}},"line":409},"30":{"name":"(anonymous_30)","decl":{"start":{"line":422,"column":19},"end":{"line":422,"column":20}},"loc":{"start":{"line":422,"column":25},"end":{"line":422,"column":46}},"line":422}},"branchMap":{"0":{"loc":{"start":{"line":34,"column":4},"end":{"line":41,"column":5}},"type":"if","locations":[{"start":{"line":34,"column":4},"end":{"line":41,"column":5}},{"start":{},"end":{}}],"line":34},"1":{"loc":{"start":{"line":34,"column":8},"end":{"line":34,"column":47}},"type":"binary-expr","locations":[{"start":{"line":34,"column":8},"end":{"line":34,"column":20}},{"start":{"line":34,"column":24},"end":{"line":34,"column":47}}],"line":34},"2":{"loc":{"start":{"line":37,"column":8},"end":{"line":39,"column":9}},"type":"if","locations":[{"start":{"line":37,"column":8},"end":{"line":39,"column":9}},{"start":{},"end":{}}],"line":37},"3":{"loc":{"start":{"line":48,"column":6},"end":{"line":50,"column":7}},"type":"if","locations":[{"start":{"line":48,"column":6},"end":{"line":50,"column":7}},{"start":{},"end":{}}],"line":48},"4":{"loc":{"start":{"line":48,"column":10},"end":{"line":48,"column":52}},"type":"binary-expr","locations":[{"start":{"line":48,"column":10},"end":{"line":48,"column":19}},{"start":{"line":48,"column":23},"end":{"line":48,"column":52}}],"line":48},"5":{"loc":{"start":{"line":51,"column":6},"end":{"line":53,"column":7}},"type":"if","locations":[{"start":{"line":51,"column":6},"end":{"line":53,"column":7}},{"start":{},"end":{}}],"line":51},"6":{"loc":{"start":{"line":72,"column":4},"end":{"line":78,"column":5}},"type":"if","locations":[{"start":{"line":72,"column":4},"end":{"line":78,"column":5}},{"start":{},"end":{}}],"line":72},"7":{"loc":{"start":{"line":82,"column":4},"end":{"line":87,"column":65}},"type":"if","locations":[{"start":{"line":82,"column":4},"end":{"line":87,"column":65}},{"start":{},"end":{}}],"line":82},"8":{"loc":{"start":{"line":82,"column":8},"end":{"line":87,"column":56}},"type":"binary-expr","locations":[{"start":{"line":82,"column":8},"end":{"line":82,"column":43}},{"start":{"line":83,"column":8},"end":{"line":83,"column":51}},{"start":{"line":84,"column":8},"end":{"line":84,"column":50}},{"start":{"line":85,"column":8},"end":{"line":85,"column":52}},{"start":{"line":86,"column":8},"end":{"line":86,"column":58}},{"start":{"line":87,"column":8},"end":{"line":87,"column":56}}],"line":82},"9":{"loc":{"start":{"line":115,"column":4},"end":{"line":117,"column":5}},"type":"if","locations":[{"start":{"line":115,"column":4},"end":{"line":117,"column":5}},{"start":{},"end":{}}],"line":115},"10":{"loc":{"start":{"line":115,"column":8},"end":{"line":115,"column":50}},"type":"binary-expr","locations":[{"start":{"line":115,"column":8},"end":{"line":115,"column":21}},{"start":{"line":115,"column":25},"end":{"line":115,"column":50}}],"line":115},"11":{"loc":{"start":{"line":122,"column":15},"end":{"line":122,"column":41}},"type":"binary-expr","locations":[{"start":{"line":122,"column":15},"end":{"line":122,"column":24}},{"start":{"line":122,"column":28},"end":{"line":122,"column":41}}],"line":122},"12":{"loc":{"start":{"line":129,"column":9},"end":{"line":131,"column":9}},"type":"binary-expr","locations":[{"start":{"line":129,"column":9},"end":{"line":129,"column":32}},{"start":{"line":130,"column":10},"end":{"line":130,"column":74}}],"line":129},"13":{"loc":{"start":{"line":159,"column":4},"end":{"line":161,"column":5}},"type":"if","locations":[{"start":{"line":159,"column":4},"end":{"line":161,"column":5}},{"start":{},"end":{}}],"line":159},"14":{"loc":{"start":{"line":164,"column":4},"end":{"line":175,"column":5}},"type":"if","locations":[{"start":{"line":164,"column":4},"end":{"line":175,"column":5}},{"start":{},"end":{}}],"line":164},"15":{"loc":{"start":{"line":168,"column":6},"end":{"line":170,"column":7}},"type":"if","locations":[{"start":{"line":168,"column":6},"end":{"line":170,"column":7}},{"start":{},"end":{}}],"line":168},"16":{"loc":{"start":{"line":183,"column":4},"end":{"line":186,"column":5}},"type":"if","locations":[{"start":{"line":183,"column":4},"end":{"line":186,"column":5}},{"start":{},"end":{}}],"line":183},"17":{"loc":{"start":{"line":183,"column":8},"end":{"line":184,"column":57}},"type":"binary-expr","locations":[{"start":{"line":183,"column":8},"end":{"line":183,"column":57}},{"start":{"line":184,"column":8},"end":{"line":184,"column":57}}],"line":183},"18":{"loc":{"start":{"line":202,"column":4},"end":{"line":204,"column":5}},"type":"if","locations":[{"start":{"line":202,"column":4},"end":{"line":204,"column":5}},{"start":{},"end":{}}],"line":202},"19":{"loc":{"start":{"line":207,"column":4},"end":{"line":225,"column":5}},"type":"if","locations":[{"start":{"line":207,"column":4},"end":{"line":225,"column":5}},{"start":{},"end":{}}],"line":207},"20":{"loc":{"start":{"line":216,"column":8},"end":{"line":218,"column":9}},"type":"if","locations":[{"start":{"line":216,"column":8},"end":{"line":218,"column":9}},{"start":{},"end":{}}],"line":216},"21":{"loc":{"start":{"line":228,"column":4},"end":{"line":261,"column":5}},"type":"if","locations":[{"start":{"line":228,"column":4},"end":{"line":261,"column":5}},{"start":{},"end":{}}],"line":228},"22":{"loc":{"start":{"line":233,"column":8},"end":{"line":256,"column":9}},"type":"if","locations":[{"start":{"line":233,"column":8},"end":{"line":256,"column":9}},{"start":{},"end":{}}],"line":233},"23":{"loc":{"start":{"line":243,"column":35},"end":{"line":243,"column":72}},"type":"cond-expr","locations":[{"start":{"line":243,"column":50},"end":{"line":243,"column":67}},{"start":{"line":243,"column":70},"end":{"line":243,"column":72}}],"line":243},"24":{"loc":{"start":{"line":244,"column":12},"end":{"line":246,"column":13}},"type":"if","locations":[{"start":{"line":244,"column":12},"end":{"line":246,"column":13}},{"start":{},"end":{}}],"line":244},"25":{"loc":{"start":{"line":253,"column":31},"end":{"line":253,"column":78}},"type":"binary-expr","locations":[{"start":{"line":253,"column":31},"end":{"line":253,"column":44}},{"start":{"line":253,"column":48},"end":{"line":253,"column":78}}],"line":253},"26":{"loc":{"start":{"line":269,"column":4},"end":{"line":271,"column":5}},"type":"if","locations":[{"start":{"line":269,"column":4},"end":{"line":271,"column":5}},{"start":{},"end":{}}],"line":269},"27":{"loc":{"start":{"line":274,"column":4},"end":{"line":276,"column":5}},"type":"if","locations":[{"start":{"line":274,"column":4},"end":{"line":276,"column":5}},{"start":{},"end":{}}],"line":274},"28":{"loc":{"start":{"line":282,"column":4},"end":{"line":284,"column":5}},"type":"if","locations":[{"start":{"line":282,"column":4},"end":{"line":284,"column":5}},{"start":{},"end":{}}],"line":282},"29":{"loc":{"start":{"line":288,"column":4},"end":{"line":288,"column":62}},"type":"if","locations":[{"start":{"line":288,"column":4},"end":{"line":288,"column":62}},{"start":{},"end":{}}],"line":288},"30":{"loc":{"start":{"line":288,"column":8},"end":{"line":288,"column":48}},"type":"binary-expr","locations":[{"start":{"line":288,"column":8},"end":{"line":288,"column":20}},{"start":{"line":288,"column":24},"end":{"line":288,"column":48}}],"line":288},"31":{"loc":{"start":{"line":312,"column":9},"end":{"line":316,"column":9}},"type":"binary-expr","locations":[{"start":{"line":312,"column":9},"end":{"line":312,"column":27}},{"start":{"line":313,"column":10},"end":{"line":315,"column":16}}],"line":312},"32":{"loc":{"start":{"line":325,"column":4},"end":{"line":328,"column":5}},"type":"if","locations":[{"start":{"line":325,"column":4},"end":{"line":328,"column":5}},{"start":{},"end":{}}],"line":325},"33":{"loc":{"start":{"line":327,"column":6},"end":{"line":327,"column":58}},"type":"if","locations":[{"start":{"line":327,"column":6},"end":{"line":327,"column":58}},{"start":{},"end":{}}],"line":327},"34":{"loc":{"start":{"line":340,"column":11},"end":{"line":340,"column":43}},"type":"binary-expr","locations":[{"start":{"line":340,"column":11},"end":{"line":340,"column":30}},{"start":{"line":340,"column":34},"end":{"line":340,"column":43}}],"line":340},"35":{"loc":{"start":{"line":347,"column":27},"end":{"line":347,"column":61}},"type":"cond-expr","locations":[{"start":{"line":347,"column":40},"end":{"line":347,"column":56}},{"start":{"line":347,"column":59},"end":{"line":347,"column":61}}],"line":347},"36":{"loc":{"start":{"line":357,"column":21},"end":{"line":357,"column":41}},"type":"binary-expr","locations":[{"start":{"line":357,"column":21},"end":{"line":357,"column":31}},{"start":{"line":357,"column":35},"end":{"line":357,"column":41}}],"line":357},"37":{"loc":{"start":{"line":384,"column":9},"end":{"line":388,"column":9}},"type":"binary-expr","locations":[{"start":{"line":384,"column":9},"end":{"line":384,"column":24}},{"start":{"line":385,"column":10},"end":{"line":387,"column":16}}],"line":384},"38":{"loc":{"start":{"line":391,"column":9},"end":{"line":404,"column":9}},"type":"binary-expr","locations":[{"start":{"line":391,"column":9},"end":{"line":391,"column":30}},{"start":{"line":391,"column":34},"end":{"line":391,"column":45}},{"start":{"line":392,"column":10},"end":{"line":403,"column":16}}],"line":391},"39":{"loc":{"start":{"line":407,"column":7},"end":{"line":417,"column":7}},"type":"binary-expr","locations":[{"start":{"line":407,"column":7},"end":{"line":407,"column":25}},{"start":{"line":408,"column":8},"end":{"line":416,"column":14}}],"line":407},"40":{"loc":{"start":{"line":419,"column":7},"end":{"line":425,"column":7}},"type":"binary-expr","locations":[{"start":{"line":419,"column":7},"end":{"line":419,"column":18}},{"start":{"line":420,"column":8},"end":{"line":424,"column":10}}],"line":419}},"s":{"0":19,"1":19,"2":19,"3":19,"4":19,"5":19,"6":19,"7":19,"8":19,"9":19,"10":19,"11":11,"12":11,"13":11,"14":0,"15":11,"16":0,"17":19,"18":11,"19":1,"20":1,"21":1,"22":11,"23":11,"24":11,"25":0,"26":11,"27":0,"28":19,"29":11,"30":0,"31":11,"32":11,"33":11,"34":19,"35":11,"36":0,"37":0,"38":0,"39":0,"40":19,"41":0,"42":0,"43":0,"44":19,"45":4,"46":4,"47":19,"48":1,"49":1,"50":1,"51":1,"52":1,"53":1,"54":1,"55":19,"56":1,"57":1,"58":19,"59":19,"60":19,"61":17,"62":2,"63":0,"64":19,"65":1,"66":1,"67":1,"68":1,"69":1,"70":1,"71":1,"72":1,"73":1,"74":1,"75":0,"76":0,"77":0,"78":0,"79":0,"80":19,"81":0,"82":0,"83":0,"84":0,"85":19,"86":0,"87":0,"88":0,"89":19,"90":1,"91":1,"92":1,"93":1,"94":1,"95":0,"96":1,"97":0,"98":0,"99":0,"100":0,"101":0,"102":0,"103":0,"104":0,"105":1,"106":1,"107":1,"108":1,"109":1,"110":1,"111":1,"112":1,"113":1,"114":1,"115":1,"116":1,"117":1,"118":1,"119":0,"120":0,"121":0,"122":0,"123":19,"124":0,"125":0,"126":0,"127":0,"128":0,"129":0,"130":19,"131":0,"132":0,"133":0,"134":0,"135":19,"136":19,"137":0,"138":19,"139":19,"140":19,"141":19,"142":19,"143":19,"144":19,"145":19,"146":0,"147":0,"148":0,"149":19,"150":19,"151":19,"152":0,"153":0},"f":{"0":19,"1":11,"2":0,"3":11,"4":1,"5":11,"6":11,"7":0,"8":11,"9":11,"10":0,"11":0,"12":0,"13":4,"14":1,"15":1,"16":1,"17":19,"18":0,"19":1,"20":0,"21":0,"22":0,"23":1,"24":0,"25":0,"26":19,"27":19,"28":19,"29":0,"30":0},"b":{"0":[1,10],"1":[11,11],"2":[1,0],"3":[0,11],"4":[11,0],"5":[0,11],"6":[0,11],"7":[0,0],"8":[0,0,0,0,0,0],"9":[17,2],"10":[19,19],"11":[2,1],"12":[2,0],"13":[1,0],"14":[0,1],"15":[0,0],"16":[0,0],"17":[0,0],"18":[0,1],"19":[0,1],"20":[0,0],"21":[1,0],"22":[1,0],"23":[1,0],"24":[1,0],"25":[0,0],"26":[0,0],"27":[0,0],"28":[0,0],"29":[0,19],"30":[19,19],"31":[19,0],"32":[0,19],"33":[0,0],"34":[19,0],"35":[0,19],"36":[19,0],"37":[19,0],"38":[19,0,0],"39":[19,4],"40":[19,0]},"_coverageSchema":"1a1c01bbd47fc00a2c39e90264f33305004495a9","hash":"5cf6808984aeb12c21033f10337be7f07cd7bda8"}
,"D:\\developer\\KanbanProject\\frontend\\src\\components\\TaskDetails.jsx": {"path":"D:\\developer\\KanbanProject\\frontend\\src\\components\\TaskDetails.jsx","statementMap":{"0":{"start":{"line":9,"column":27},"end":{"line":9,"column":38}},"1":{"start":{"line":10,"column":28},"end":{"line":10,"column":40}},"2":{"start":{"line":11,"column":44},"end":{"line":11,"column":56}},"3":{"start":{"line":12,"column":46},"end":{"line":12,"column":58}},"4":{"start":{"line":13,"column":32},"end":{"line":13,"column":46}},"5":{"start":{"line":14,"column":32},"end":{"line":14,"column":47}},"6":{"start":{"line":15,"column":46},"end":{"line":15,"column":58}},"7":{"start":{"line":16,"column":34},"end":{"line":16,"column":46}},"8":{"start":{"line":17,"column":48},"end":{"line":17,"column":60}},"9":{"start":{"line":18,"column":46},"end":{"line":18,"column":61}},"10":{"start":{"line":19,"column":62},"end":{"line":19,"column":77}},"11":{"start":{"line":20,"column":48},"end":{"line":20,"column":62}},"12":{"start":{"line":21,"column":70},"end":{"line":21,"column":85}},"13":{"start":{"line":22,"column":42},"end":{"line":22,"column":56}},"14":{"start":{"line":23,"column":52},"end":{"line":23,"column":66}},"15":{"start":{"line":24,"column":54},"end":{"line":24,"column":69}},"16":{"start":{"line":25,"column":54},"end":{"line":25,"column":66}},"17":{"start":{"line":26,"column":38},"end":{"line":26,"column":50}},"18":{"start":{"line":27,"column":64},"end":{"line":27,"column":76}},"19":{"start":{"line":28,"column":48},"end":{"line":28,"column":60}},"20":{"start":{"line":29,"column":62},"end":{"line":29,"column":77}},"21":{"start":{"line":31,"column":19},"end":{"line":31,"column":31}},"22":{"start":{"line":32,"column":30},"end":{"line":32,"column":42}},"23":{"start":{"line":33,"column":34},"end":{"line":33,"column":46}},"24":{"start":{"line":36,"column":23},"end":{"line":103,"column":3}},"25":{"start":{"line":37,"column":4},"end":{"line":102,"column":5}},"26":{"start":{"line":38,"column":6},"end":{"line":38,"column":23}},"27":{"start":{"line":41,"column":23},"end":{"line":41,"column":47}},"28":{"start":{"line":44,"column":25},"end":{"line":44,"column":27}},"29":{"start":{"line":45,"column":6},"end":{"line":54,"column":7}},"30":{"start":{"line":46,"column":25},"end":{"line":46,"column":63}},"31":{"start":{"line":47,"column":8},"end":{"line":51,"column":9}},"32":{"start":{"line":48,"column":23},"end":{"line":48,"column":44}},"33":{"start":{"line":50,"column":10},"end":{"line":50,"column":57}},"34":{"start":{"line":53,"column":8},"end":{"line":53,"column":63}},"35":{"start":{"line":56,"column":6},"end":{"line":56,"column":37}},"36":{"start":{"line":59,"column":24},"end":{"line":59,"column":42}},"37":{"start":{"line":60,"column":6},"end":{"line":60,"column":32}},"38":{"start":{"line":63,"column":27},"end":{"line":63,"column":63}},"39":{"start":{"line":64,"column":6},"end":{"line":64,"column":38}},"40":{"start":{"line":67,"column":25},"end":{"line":67,"column":46}},"41":{"start":{"line":68,"column":6},"end":{"line":68,"column":32}},"42":{"start":{"line":71,"column":26},"end":{"line":71,"column":52}},"43":{"start":{"line":72,"column":6},"end":{"line":72,"column":38}},"44":{"start":{"line":73,"column":6},"end":{"line":73,"column":46}},"45":{"start":{"line":76,"column":6},"end":{"line":96,"column":7}},"46":{"start":{"line":77,"column":31},"end":{"line":85,"column":10}},"47":{"start":{"line":78,"column":10},"end":{"line":84,"column":11}},"48":{"start":{"line":79,"column":30},"end":{"line":79,"column":58}},"49":{"start":{"line":80,"column":12},"end":{"line":80,"column":55}},"50":{"start":{"line":82,"column":12},"end":{"line":82,"column":64}},"51":{"start":{"line":83,"column":12},"end":{"line":83,"column":50}},"52":{"start":{"line":87,"column":30},"end":{"line":87,"column":63}},"53":{"start":{"line":88,"column":26},"end":{"line":88,"column":28}},"54":{"start":{"line":89,"column":8},"end":{"line":93,"column":11}},"55":{"start":{"line":90,"column":10},"end":{"line":92,"column":11}},"56":{"start":{"line":91,"column":12},"end":{"line":91,"column":50}},"57":{"start":{"line":95,"column":8},"end":{"line":95,"column":37}},"58":{"start":{"line":98,"column":6},"end":{"line":98,"column":24}},"59":{"start":{"line":100,"column":6},"end":{"line":100,"column":55}},"60":{"start":{"line":101,"column":6},"end":{"line":101,"column":24}},"61":{"start":{"line":105,"column":32},"end":{"line":123,"column":5}},"62":{"start":{"line":106,"column":6},"end":{"line":122,"column":7}},"63":{"start":{"line":108,"column":8},"end":{"line":108,"column":68}},"64":{"start":{"line":111,"column":8},"end":{"line":111,"column":52}},"65":{"start":{"line":112,"column":8},"end":{"line":112,"column":41}},"66":{"start":{"line":115,"column":8},"end":{"line":115,"column":25}},"67":{"start":{"line":116,"column":8},"end":{"line":118,"column":17}},"68":{"start":{"line":117,"column":10},"end":{"line":117,"column":28}},"69":{"start":{"line":120,"column":8},"end":{"line":120,"column":63}},"70":{"start":{"line":121,"column":8},"end":{"line":121,"column":65}},"71":{"start":{"line":126,"column":40},"end":{"line":134,"column":5}},"72":{"start":{"line":127,"column":6},"end":{"line":127,"column":50}},"73":{"start":{"line":128,"column":6},"end":{"line":128,"column":38}},"74":{"start":{"line":129,"column":6},"end":{"line":133,"column":12}},"75":{"start":{"line":130,"column":8},"end":{"line":132,"column":9}},"76":{"start":{"line":131,"column":10},"end":{"line":131,"column":50}},"77":{"start":{"line":136,"column":43},"end":{"line":151,"column":5}},"78":{"start":{"line":137,"column":6},"end":{"line":137,"column":37}},"79":{"start":{"line":137,"column":30},"end":{"line":137,"column":37}},"80":{"start":{"line":140,"column":29},"end":{"line":140,"column":75}},"81":{"start":{"line":140,"column":48},"end":{"line":140,"column":74}},"82":{"start":{"line":141,"column":6},"end":{"line":143,"column":7}},"83":{"start":{"line":142,"column":8},"end":{"line":142,"column":64}},"84":{"start":{"line":145,"column":6},"end":{"line":145,"column":34}},"85":{"start":{"line":146,"column":6},"end":{"line":150,"column":12}},"86":{"start":{"line":147,"column":8},"end":{"line":149,"column":9}},"87":{"start":{"line":148,"column":10},"end":{"line":148,"column":46}},"88":{"start":{"line":153,"column":31},"end":{"line":165,"column":5}},"89":{"start":{"line":154,"column":26},"end":{"line":154,"column":75}},"90":{"start":{"line":156,"column":27},"end":{"line":156,"column":52}},"91":{"start":{"line":158,"column":6},"end":{"line":164,"column":7}},"92":{"start":{"line":159,"column":8},"end":{"line":159,"column":36}},"93":{"start":{"line":160,"column":8},"end":{"line":163,"column":11}},"94":{"start":{"line":161,"column":10},"end":{"line":161,"column":62}},"95":{"start":{"line":162,"column":10},"end":{"line":162,"column":62}},"96":{"start":{"line":168,"column":41},"end":{"line":171,"column":5}},"97":{"start":{"line":169,"column":6},"end":{"line":169,"column":50}},"98":{"start":{"line":170,"column":6},"end":{"line":170,"column":39}},"99":{"start":{"line":173,"column":27},"end":{"line":197,"column":3}},"100":{"start":{"line":174,"column":4},"end":{"line":174,"column":40}},"101":{"start":{"line":174,"column":33},"end":{"line":174,"column":40}},"102":{"start":{"line":176,"column":4},"end":{"line":196,"column":5}},"103":{"start":{"line":177,"column":6},"end":{"line":177,"column":56}},"104":{"start":{"line":178,"column":6},"end":{"line":178,"column":29}},"105":{"start":{"line":179,"column":6},"end":{"line":179,"column":27}},"106":{"start":{"line":182,"column":6},"end":{"line":184,"column":7}},"107":{"start":{"line":183,"column":8},"end":{"line":183,"column":26}},"108":{"start":{"line":187,"column":6},"end":{"line":187,"column":96}},"109":{"start":{"line":189,"column":6},"end":{"line":189,"column":23}},"110":{"start":{"line":190,"column":6},"end":{"line":192,"column":15}},"111":{"start":{"line":191,"column":8},"end":{"line":191,"column":26}},"112":{"start":{"line":194,"column":6},"end":{"line":194,"column":52}},"113":{"start":{"line":195,"column":6},"end":{"line":195,"column":58}},"114":{"start":{"line":199,"column":30},"end":{"line":226,"column":3}},"115":{"start":{"line":200,"column":4},"end":{"line":225,"column":5}},"116":{"start":{"line":201,"column":6},"end":{"line":201,"column":47}},"117":{"start":{"line":204,"column":6},"end":{"line":212,"column":10}},"118":{"start":{"line":204,"column":26},"end":{"line":212,"column":8}},"119":{"start":{"line":205,"column":8},"end":{"line":210,"column":9}},"120":{"start":{"line":206,"column":10},"end":{"line":209,"column":12}},"121":{"start":{"line":211,"column":8},"end":{"line":211,"column":23}},"122":{"start":{"line":215,"column":6},"end":{"line":217,"column":7}},"123":{"start":{"line":216,"column":8},"end":{"line":216,"column":26}},"124":{"start":{"line":220,"column":6},"end":{"line":220,"column":96}},"125":{"start":{"line":223,"column":6},"end":{"line":223,"column":65}},"126":{"start":{"line":224,"column":6},"end":{"line":224,"column":63}},"127":{"start":{"line":228,"column":31},"end":{"line":235,"column":3}},"128":{"start":{"line":230,"column":20},"end":{"line":230,"column":58}},"129":{"start":{"line":230,"column":39},"end":{"line":230,"column":57}},"130":{"start":{"line":231,"column":4},"end":{"line":234,"column":5}},"131":{"start":{"line":232,"column":6},"end":{"line":232,"column":34}},"132":{"start":{"line":233,"column":6},"end":{"line":233,"column":38}},"133":{"start":{"line":237,"column":30},"end":{"line":268,"column":3}},"134":{"start":{"line":238,"column":4},"end":{"line":238,"column":33}},"135":{"start":{"line":238,"column":26},"end":{"line":238,"column":33}},"136":{"start":{"line":240,"column":4},"end":{"line":267,"column":5}},"137":{"start":{"line":241,"column":6},"end":{"line":241,"column":46}},"138":{"start":{"line":244,"column":6},"end":{"line":244,"column":85}},"139":{"start":{"line":244,"column":26},"end":{"line":244,"column":83}},"140":{"start":{"line":244,"column":49},"end":{"line":244,"column":82}},"141":{"start":{"line":247,"column":6},"end":{"line":249,"column":7}},"142":{"start":{"line":248,"column":8},"end":{"line":248,"column":26}},"143":{"start":{"line":252,"column":6},"end":{"line":252,"column":96}},"144":{"start":{"line":254,"column":6},"end":{"line":254,"column":23}},"145":{"start":{"line":255,"column":6},"end":{"line":257,"column":15}},"146":{"start":{"line":256,"column":8},"end":{"line":256,"column":26}},"147":{"start":{"line":260,"column":6},"end":{"line":260,"column":39}},"148":{"start":{"line":261,"column":6},"end":{"line":261,"column":31}},"149":{"start":{"line":263,"column":6},"end":{"line":263,"column":54}},"150":{"start":{"line":264,"column":6},"end":{"line":264,"column":57}},"151":{"start":{"line":265,"column":6},"end":{"line":265,"column":39}},"152":{"start":{"line":266,"column":6},"end":{"line":266,"column":31}},"153":{"start":{"line":270,"column":30},"end":{"line":273,"column":3}},"154":{"start":{"line":271,"column":4},"end":{"line":271,"column":37}},"155":{"start":{"line":272,"column":4},"end":{"line":272,"column":29}},"156":{"start":{"line":275,"column":33},"end":{"line":293,"column":3}},"157":{"start":{"line":276,"column":4},"end":{"line":292,"column":5}},"158":{"start":{"line":278,"column":6},"end":{"line":278,"column":33}},"159":{"start":{"line":279,"column":6},"end":{"line":279,"column":35}},"160":{"start":{"line":282,"column":6},"end":{"line":282,"column":38}},"161":{"start":{"line":283,"column":6},"end":{"line":283,"column":35}},"162":{"start":{"line":285,"column":6},"end":{"line":291,"column":7}},"163":{"start":{"line":286,"column":28},"end":{"line":286,"column":57}},"164":{"start":{"line":287,"column":8},"end":{"line":287,"column":61}},"165":{"start":{"line":289,"column":8},"end":{"line":289,"column":68}},"166":{"start":{"line":290,"column":8},"end":{"line":290,"column":34}},"167":{"start":{"line":295,"column":33},"end":{"line":321,"column":3}},"168":{"start":{"line":296,"column":4},"end":{"line":296,"column":35}},"169":{"start":{"line":296,"column":28},"end":{"line":296,"column":35}},"170":{"start":{"line":298,"column":4},"end":{"line":320,"column":5}},"171":{"start":{"line":299,"column":6},"end":{"line":299,"column":82}},"172":{"start":{"line":302,"column":6},"end":{"line":310,"column":10}},"173":{"start":{"line":302,"column":26},"end":{"line":310,"column":8}},"174":{"start":{"line":303,"column":8},"end":{"line":308,"column":9}},"175":{"start":{"line":304,"column":10},"end":{"line":307,"column":12}},"176":{"start":{"line":309,"column":8},"end":{"line":309,"column":23}},"177":{"start":{"line":312,"column":6},"end":{"line":312,"column":35}},"178":{"start":{"line":313,"column":6},"end":{"line":313,"column":23}},"179":{"start":{"line":314,"column":6},"end":{"line":316,"column":15}},"180":{"start":{"line":315,"column":8},"end":{"line":315,"column":26}},"181":{"start":{"line":318,"column":6},"end":{"line":318,"column":64}},"182":{"start":{"line":319,"column":6},"end":{"line":319,"column":66}},"183":{"start":{"line":323,"column":35},"end":{"line":331,"column":3}},"184":{"start":{"line":324,"column":4},"end":{"line":324,"column":33}},"185":{"start":{"line":327,"column":27},"end":{"line":327,"column":73}},"186":{"start":{"line":327,"column":46},"end":{"line":327,"column":72}},"187":{"start":{"line":328,"column":4},"end":{"line":330,"column":5}},"188":{"start":{"line":329,"column":6},"end":{"line":329,"column":62}},"189":{"start":{"line":333,"column":27},"end":{"line":348,"column":3}},"190":{"start":{"line":334,"column":26},"end":{"line":334,"column":256}},"191":{"start":{"line":336,"column":4},"end":{"line":347,"column":6}},"192":{"start":{"line":343,"column":12},"end":{"line":343,"column":41}},"193":{"start":{"line":350,"column":28},"end":{"line":357,"column":3}},"194":{"start":{"line":352,"column":17},"end":{"line":352,"column":57}},"195":{"start":{"line":352,"column":41},"end":{"line":352,"column":56}},"196":{"start":{"line":353,"column":4},"end":{"line":356,"column":5}},"197":{"start":{"line":354,"column":6},"end":{"line":354,"column":28}},"198":{"start":{"line":355,"column":6},"end":{"line":355,"column":42}},"199":{"start":{"line":359,"column":27},"end":{"line":392,"column":3}},"200":{"start":{"line":360,"column":4},"end":{"line":360,"column":30}},"201":{"start":{"line":360,"column":23},"end":{"line":360,"column":30}},"202":{"start":{"line":362,"column":4},"end":{"line":391,"column":5}},"203":{"start":{"line":363,"column":6},"end":{"line":363,"column":57}},"204":{"start":{"line":366,"column":6},"end":{"line":373,"column":7}},"205":{"start":{"line":367,"column":8},"end":{"line":367,"column":61}},"206":{"start":{"line":368,"column":8},"end":{"line":372,"column":11}},"207":{"start":{"line":369,"column":30},"end":{"line":369,"column":39}},"208":{"start":{"line":370,"column":10},"end":{"line":370,"column":46}},"209":{"start":{"line":371,"column":10},"end":{"line":371,"column":29}},"210":{"start":{"line":375,"column":6},"end":{"line":375,"column":27}},"211":{"start":{"line":376,"column":6},"end":{"line":376,"column":21}},"212":{"start":{"line":378,"column":6},"end":{"line":378,"column":23}},"213":{"start":{"line":379,"column":6},"end":{"line":381,"column":15}},"214":{"start":{"line":380,"column":8},"end":{"line":380,"column":26}},"215":{"start":{"line":384,"column":6},"end":{"line":384,"column":43}},"216":{"start":{"line":385,"column":6},"end":{"line":385,"column":28}},"217":{"start":{"line":387,"column":6},"end":{"line":387,"column":51}},"218":{"start":{"line":388,"column":6},"end":{"line":388,"column":58}},"219":{"start":{"line":389,"column":6},"end":{"line":389,"column":43}},"220":{"start":{"line":390,"column":6},"end":{"line":390,"column":28}},"221":{"start":{"line":394,"column":27},"end":{"line":397,"column":3}},"222":{"start":{"line":395,"column":4},"end":{"line":395,"column":41}},"223":{"start":{"line":396,"column":4},"end":{"line":396,"column":26}},"224":{"start":{"line":399,"column":27},"end":{"line":428,"column":3}},"225":{"start":{"line":400,"column":4},"end":{"line":400,"column":32}},"226":{"start":{"line":400,"column":25},"end":{"line":400,"column":32}},"227":{"start":{"line":402,"column":4},"end":{"line":427,"column":5}},"228":{"start":{"line":403,"column":6},"end":{"line":403,"column":64}},"229":{"start":{"line":406,"column":24},"end":{"line":406,"column":69}},"230":{"start":{"line":407,"column":6},"end":{"line":412,"column":7}},"231":{"start":{"line":408,"column":8},"end":{"line":411,"column":12}},"232":{"start":{"line":408,"column":35},"end":{"line":411,"column":9}},"233":{"start":{"line":414,"column":6},"end":{"line":414,"column":27}},"234":{"start":{"line":415,"column":6},"end":{"line":415,"column":21}},"235":{"start":{"line":417,"column":6},"end":{"line":417,"column":23}},"236":{"start":{"line":418,"column":6},"end":{"line":418,"column":28}},"237":{"start":{"line":419,"column":6},"end":{"line":419,"column":31}},"238":{"start":{"line":421,"column":6},"end":{"line":423,"column":15}},"239":{"start":{"line":422,"column":8},"end":{"line":422,"column":26}},"240":{"start":{"line":425,"column":6},"end":{"line":425,"column":52}},"241":{"start":{"line":426,"column":6},"end":{"line":426,"column":63}},"242":{"start":{"line":431,"column":2},"end":{"line":440,"column":16}},"243":{"start":{"line":432,"column":4},"end":{"line":432,"column":19}},"244":{"start":{"line":435,"column":4},"end":{"line":439,"column":6}},"245":{"start":{"line":436,"column":6},"end":{"line":438,"column":9}},"246":{"start":{"line":437,"column":8},"end":{"line":437,"column":33}},"247":{"start":{"line":443,"column":2},"end":{"line":447,"column":16}},"248":{"start":{"line":444,"column":4},"end":{"line":446,"column":5}},"249":{"start":{"line":445,"column":6},"end":{"line":445,"column":22}},"250":{"start":{"line":449,"column":2},"end":{"line":458,"column":3}},"251":{"start":{"line":450,"column":4},"end":{"line":457,"column":6}},"252":{"start":{"line":461,"column":24},"end":{"line":475,"column":3}},"253":{"start":{"line":462,"column":4},"end":{"line":462,"column":34}},"254":{"start":{"line":462,"column":27},"end":{"line":462,"column":34}},"255":{"start":{"line":464,"column":18},"end":{"line":464,"column":34}},"256":{"start":{"line":465,"column":17},"end":{"line":465,"column":46}},"257":{"start":{"line":468,"column":4},"end":{"line":470,"column":5}},"258":{"start":{"line":469,"column":6},"end":{"line":469,"column":68}},"259":{"start":{"line":472,"column":4},"end":{"line":474,"column":5}},"260":{"start":{"line":473,"column":6},"end":{"line":473,"column":69}},"261":{"start":{"line":477,"column":2},"end":{"line":793,"column":4}},"262":{"start":{"line":487,"column":27},"end":{"line":487,"column":61}},"263":{"start":{"line":521,"column":33},"end":{"line":521,"column":67}},"264":{"start":{"line":559,"column":31},"end":{"line":559,"column":55}},"265":{"start":{"line":566,"column":31},"end":{"line":566,"column":64}},"266":{"start":{"line":570,"column":32},"end":{"line":570,"column":96}},"267":{"start":{"line":570,"column":68},"end":{"line":570,"column":95}},"268":{"start":{"line":572,"column":18},"end":{"line":574,"column":27}},"269":{"start":{"line":594,"column":16},"end":{"line":603,"column":22}},"270":{"start":{"line":598,"column":35},"end":{"line":598,"column":61}},"271":{"start":{"line":617,"column":31},"end":{"line":617,"column":65}},"272":{"start":{"line":633,"column":16},"end":{"line":720,"column":22}},"273":{"start":{"line":638,"column":38},"end":{"line":638,"column":69}},"274":{"start":{"line":652,"column":39},"end":{"line":652,"column":73}},"275":{"start":{"line":662,"column":39},"end":{"line":662,"column":71}},"276":{"start":{"line":677,"column":45},"end":{"line":677,"column":82}}},"fnMap":{"0":{"name":"TaskDetails","decl":{"start":{"line":8,"column":9},"end":{"line":8,"column":20}},"loc":{"start":{"line":8,"column":57},"end":{"line":794,"column":1}},"line":8},"1":{"name":"(anonymous_1)","decl":{"start":{"line":36,"column":23},"end":{"line":36,"column":24}},"loc":{"start":{"line":36,"column":35},"end":{"line":103,"column":3}},"line":36},"2":{"name":"(anonymous_2)","decl":{"start":{"line":77,"column":48},"end":{"line":77,"column":49}},"loc":{"start":{"line":77,"column":62},"end":{"line":85,"column":9}},"line":77},"3":{"name":"(anonymous_3)","decl":{"start":{"line":89,"column":30},"end":{"line":89,"column":31}},"loc":{"start":{"line":89,"column":40},"end":{"line":93,"column":9}},"line":89},"4":{"name":"(anonymous_4)","decl":{"start":{"line":105,"column":32},"end":{"line":105,"column":33}},"loc":{"start":{"line":105,"column":44},"end":{"line":123,"column":5}},"line":105},"5":{"name":"(anonymous_5)","decl":{"start":{"line":116,"column":19},"end":{"line":116,"column":20}},"loc":{"start":{"line":116,"column":25},"end":{"line":118,"column":9}},"line":116},"6":{"name":"(anonymous_6)","decl":{"start":{"line":126,"column":40},"end":{"line":126,"column":41}},"loc":{"start":{"line":126,"column":46},"end":{"line":134,"column":5}},"line":126},"7":{"name":"(anonymous_7)","decl":{"start":{"line":129,"column":17},"end":{"line":129,"column":18}},"loc":{"start":{"line":129,"column":23},"end":{"line":133,"column":7}},"line":129},"8":{"name":"(anonymous_8)","decl":{"start":{"line":136,"column":43},"end":{"line":136,"column":44}},"loc":{"start":{"line":136,"column":49},"end":{"line":151,"column":5}},"line":136},"9":{"name":"(anonymous_9)","decl":{"start":{"line":140,"column":43},"end":{"line":140,"column":44}},"loc":{"start":{"line":140,"column":48},"end":{"line":140,"column":74}},"line":140},"10":{"name":"(anonymous_10)","decl":{"start":{"line":146,"column":17},"end":{"line":146,"column":18}},"loc":{"start":{"line":146,"column":23},"end":{"line":150,"column":7}},"line":146},"11":{"name":"(anonymous_11)","decl":{"start":{"line":153,"column":31},"end":{"line":153,"column":32}},"loc":{"start":{"line":153,"column":50},"end":{"line":165,"column":5}},"line":153},"12":{"name":"(anonymous_12)","decl":{"start":{"line":160,"column":60},"end":{"line":160,"column":61}},"loc":{"start":{"line":160,"column":69},"end":{"line":163,"column":9}},"line":160},"13":{"name":"(anonymous_13)","decl":{"start":{"line":168,"column":41},"end":{"line":168,"column":42}},"loc":{"start":{"line":168,"column":47},"end":{"line":171,"column":5}},"line":168},"14":{"name":"(anonymous_14)","decl":{"start":{"line":173,"column":27},"end":{"line":173,"column":28}},"loc":{"start":{"line":173,"column":39},"end":{"line":197,"column":3}},"line":173},"15":{"name":"(anonymous_15)","decl":{"start":{"line":190,"column":17},"end":{"line":190,"column":18}},"loc":{"start":{"line":190,"column":23},"end":{"line":192,"column":7}},"line":190},"16":{"name":"(anonymous_16)","decl":{"start":{"line":199,"column":30},"end":{"line":199,"column":31}},"loc":{"start":{"line":199,"column":51},"end":{"line":226,"column":3}},"line":199},"17":{"name":"(anonymous_17)","decl":{"start":{"line":204,"column":18},"end":{"line":204,"column":19}},"loc":{"start":{"line":204,"column":26},"end":{"line":212,"column":8}},"line":204},"18":{"name":"(anonymous_18)","decl":{"start":{"line":204,"column":35},"end":{"line":204,"column":36}},"loc":{"start":{"line":204,"column":46},"end":{"line":212,"column":7}},"line":204},"19":{"name":"(anonymous_19)","decl":{"start":{"line":228,"column":31},"end":{"line":228,"column":32}},"loc":{"start":{"line":228,"column":46},"end":{"line":235,"column":3}},"line":228},"20":{"name":"(anonymous_20)","decl":{"start":{"line":230,"column":34},"end":{"line":230,"column":35}},"loc":{"start":{"line":230,"column":39},"end":{"line":230,"column":57}},"line":230},"21":{"name":"(anonymous_21)","decl":{"start":{"line":237,"column":30},"end":{"line":237,"column":31}},"loc":{"start":{"line":237,"column":42},"end":{"line":268,"column":3}},"line":237},"22":{"name":"(anonymous_22)","decl":{"start":{"line":244,"column":18},"end":{"line":244,"column":19}},"loc":{"start":{"line":244,"column":26},"end":{"line":244,"column":83}},"line":244},"23":{"name":"(anonymous_23)","decl":{"start":{"line":244,"column":38},"end":{"line":244,"column":39}},"loc":{"start":{"line":244,"column":49},"end":{"line":244,"column":82}},"line":244},"24":{"name":"(anonymous_24)","decl":{"start":{"line":255,"column":17},"end":{"line":255,"column":18}},"loc":{"start":{"line":255,"column":23},"end":{"line":257,"column":7}},"line":255},"25":{"name":"(anonymous_25)","decl":{"start":{"line":270,"column":30},"end":{"line":270,"column":31}},"loc":{"start":{"line":270,"column":36},"end":{"line":273,"column":3}},"line":270},"26":{"name":"(anonymous_26)","decl":{"start":{"line":275,"column":33},"end":{"line":275,"column":34}},"loc":{"start":{"line":275,"column":54},"end":{"line":293,"column":3}},"line":275},"27":{"name":"(anonymous_27)","decl":{"start":{"line":295,"column":33},"end":{"line":295,"column":34}},"loc":{"start":{"line":295,"column":45},"end":{"line":321,"column":3}},"line":295},"28":{"name":"(anonymous_28)","decl":{"start":{"line":302,"column":18},"end":{"line":302,"column":19}},"loc":{"start":{"line":302,"column":26},"end":{"line":310,"column":8}},"line":302},"29":{"name":"(anonymous_29)","decl":{"start":{"line":302,"column":35},"end":{"line":302,"column":36}},"loc":{"start":{"line":302,"column":46},"end":{"line":310,"column":7}},"line":302},"30":{"name":"(anonymous_30)","decl":{"start":{"line":314,"column":17},"end":{"line":314,"column":18}},"loc":{"start":{"line":314,"column":23},"end":{"line":316,"column":7}},"line":314},"31":{"name":"(anonymous_31)","decl":{"start":{"line":323,"column":35},"end":{"line":323,"column":36}},"loc":{"start":{"line":323,"column":41},"end":{"line":331,"column":3}},"line":323},"32":{"name":"(anonymous_32)","decl":{"start":{"line":327,"column":41},"end":{"line":327,"column":42}},"loc":{"start":{"line":327,"column":46},"end":{"line":327,"column":72}},"line":327},"33":{"name":"(anonymous_33)","decl":{"start":{"line":333,"column":27},"end":{"line":333,"column":28}},"loc":{"start":{"line":333,"column":37},"end":{"line":348,"column":3}},"line":333},"34":{"name":"(anonymous_34)","decl":{"start":{"line":342,"column":19},"end":{"line":342,"column":20}},"loc":{"start":{"line":342,"column":26},"end":{"line":344,"column":11}},"line":342},"35":{"name":"(anonymous_35)","decl":{"start":{"line":350,"column":28},"end":{"line":350,"column":29}},"loc":{"start":{"line":350,"column":40},"end":{"line":357,"column":3}},"line":350},"36":{"name":"(anonymous_36)","decl":{"start":{"line":352,"column":36},"end":{"line":352,"column":37}},"loc":{"start":{"line":352,"column":41},"end":{"line":352,"column":56}},"line":352},"37":{"name":"(anonymous_37)","decl":{"start":{"line":359,"column":27},"end":{"line":359,"column":28}},"loc":{"start":{"line":359,"column":39},"end":{"line":392,"column":3}},"line":359},"38":{"name":"(anonymous_38)","decl":{"start":{"line":368,"column":26},"end":{"line":368,"column":27}},"loc":{"start":{"line":368,"column":34},"end":{"line":372,"column":9}},"line":368},"39":{"name":"(anonymous_39)","decl":{"start":{"line":379,"column":17},"end":{"line":379,"column":18}},"loc":{"start":{"line":379,"column":23},"end":{"line":381,"column":7}},"line":379},"40":{"name":"(anonymous_40)","decl":{"start":{"line":394,"column":27},"end":{"line":394,"column":28}},"loc":{"start":{"line":394,"column":33},"end":{"line":397,"column":3}},"line":394},"41":{"name":"(anonymous_41)","decl":{"start":{"line":399,"column":27},"end":{"line":399,"column":28}},"loc":{"start":{"line":399,"column":39},"end":{"line":428,"column":3}},"line":399},"42":{"name":"(anonymous_42)","decl":{"start":{"line":408,"column":26},"end":{"line":408,"column":27}},"loc":{"start":{"line":408,"column":35},"end":{"line":411,"column":9}},"line":408},"43":{"name":"(anonymous_43)","decl":{"start":{"line":421,"column":17},"end":{"line":421,"column":18}},"loc":{"start":{"line":421,"column":23},"end":{"line":423,"column":7}},"line":421},"44":{"name":"(anonymous_44)","decl":{"start":{"line":431,"column":12},"end":{"line":431,"column":13}},"loc":{"start":{"line":431,"column":18},"end":{"line":440,"column":3}},"line":431},"45":{"name":"(anonymous_45)","decl":{"start":{"line":435,"column":11},"end":{"line":435,"column":12}},"loc":{"start":{"line":435,"column":17},"end":{"line":439,"column":5}},"line":435},"46":{"name":"(anonymous_46)","decl":{"start":{"line":436,"column":44},"end":{"line":436,"column":45}},"loc":{"start":{"line":436,"column":51},"end":{"line":438,"column":7}},"line":436},"47":{"name":"(anonymous_47)","decl":{"start":{"line":443,"column":12},"end":{"line":443,"column":13}},"loc":{"start":{"line":443,"column":18},"end":{"line":447,"column":3}},"line":443},"48":{"name":"(anonymous_48)","decl":{"start":{"line":461,"column":24},"end":{"line":461,"column":25}},"loc":{"start":{"line":461,"column":30},"end":{"line":475,"column":3}},"line":461},"49":{"name":"(anonymous_49)","decl":{"start":{"line":487,"column":21},"end":{"line":487,"column":22}},"loc":{"start":{"line":487,"column":27},"end":{"line":487,"column":61}},"line":487},"50":{"name":"(anonymous_50)","decl":{"start":{"line":521,"column":26},"end":{"line":521,"column":27}},"loc":{"start":{"line":521,"column":33},"end":{"line":521,"column":67}},"line":521},"51":{"name":"(anonymous_51)","decl":{"start":{"line":559,"column":25},"end":{"line":559,"column":26}},"loc":{"start":{"line":559,"column":31},"end":{"line":559,"column":55}},"line":559},"52":{"name":"(anonymous_52)","decl":{"start":{"line":566,"column":24},"end":{"line":566,"column":25}},"loc":{"start":{"line":566,"column":31},"end":{"line":566,"column":64}},"line":566},"53":{"name":"(anonymous_53)","decl":{"start":{"line":570,"column":24},"end":{"line":570,"column":25}},"loc":{"start":{"line":570,"column":32},"end":{"line":570,"column":96}},"line":570},"54":{"name":"(anonymous_54)","decl":{"start":{"line":570,"column":52},"end":{"line":570,"column":53}},"loc":{"start":{"line":570,"column":68},"end":{"line":570,"column":95}},"line":570},"55":{"name":"(anonymous_55)","decl":{"start":{"line":571,"column":21},"end":{"line":571,"column":22}},"loc":{"start":{"line":572,"column":18},"end":{"line":574,"column":27}},"line":572},"56":{"name":"(anonymous_56)","decl":{"start":{"line":593,"column":33},"end":{"line":593,"column":34}},"loc":{"start":{"line":594,"column":16},"end":{"line":603,"column":22}},"line":594},"57":{"name":"(anonymous_57)","decl":{"start":{"line":598,"column":29},"end":{"line":598,"column":30}},"loc":{"start":{"line":598,"column":35},"end":{"line":598,"column":61}},"line":598},"58":{"name":"(anonymous_58)","decl":{"start":{"line":617,"column":24},"end":{"line":617,"column":25}},"loc":{"start":{"line":617,"column":31},"end":{"line":617,"column":65}},"line":617},"59":{"name":"(anonymous_59)","decl":{"start":{"line":632,"column":28},"end":{"line":632,"column":29}},"loc":{"start":{"line":633,"column":16},"end":{"line":720,"column":22}},"line":633},"60":{"name":"(anonymous_60)","decl":{"start":{"line":638,"column":32},"end":{"line":638,"column":33}},"loc":{"start":{"line":638,"column":38},"end":{"line":638,"column":69}},"line":638},"61":{"name":"(anonymous_61)","decl":{"start":{"line":652,"column":33},"end":{"line":652,"column":34}},"loc":{"start":{"line":652,"column":39},"end":{"line":652,"column":73}},"line":652},"62":{"name":"(anonymous_62)","decl":{"start":{"line":662,"column":33},"end":{"line":662,"column":34}},"loc":{"start":{"line":662,"column":39},"end":{"line":662,"column":71}},"line":662},"63":{"name":"(anonymous_63)","decl":{"start":{"line":677,"column":38},"end":{"line":677,"column":39}},"loc":{"start":{"line":677,"column":45},"end":{"line":677,"column":82}},"line":677}},"branchMap":{"0":{"loc":{"start":{"line":47,"column":8},"end":{"line":51,"column":9}},"type":"if","locations":[{"start":{"line":47,"column":8},"end":{"line":51,"column":9}},{"start":{},"end":{}}],"line":47},"1":{"loc":{"start":{"line":50,"column":25},"end":{"line":50,"column":56}},"type":"cond-expr","locations":[{"start":{"line":50,"column":47},"end":{"line":50,"column":51}},{"start":{"line":50,"column":54},"end":{"line":50,"column":56}}],"line":50},"2":{"loc":{"start":{"line":60,"column":15},"end":{"line":60,"column":30}},"type":"binary-expr","locations":[{"start":{"line":60,"column":15},"end":{"line":60,"column":24}},{"start":{"line":60,"column":28},"end":{"line":60,"column":30}}],"line":60},"3":{"loc":{"start":{"line":64,"column":18},"end":{"line":64,"column":36}},"type":"binary-expr","locations":[{"start":{"line":64,"column":18},"end":{"line":64,"column":30}},{"start":{"line":64,"column":34},"end":{"line":64,"column":36}}],"line":64},"4":{"loc":{"start":{"line":67,"column":25},"end":{"line":67,"column":46}},"type":"binary-expr","locations":[{"start":{"line":67,"column":25},"end":{"line":67,"column":40}},{"start":{"line":67,"column":44},"end":{"line":67,"column":46}}],"line":67},"5":{"loc":{"start":{"line":71,"column":26},"end":{"line":71,"column":52}},"type":"binary-expr","locations":[{"start":{"line":71,"column":26},"end":{"line":71,"column":46}},{"start":{"line":71,"column":50},"end":{"line":71,"column":52}}],"line":71},"6":{"loc":{"start":{"line":76,"column":6},"end":{"line":96,"column":7}},"type":"if","locations":[{"start":{"line":76,"column":6},"end":{"line":96,"column":7}},{"start":{},"end":{}}],"line":76},"7":{"loc":{"start":{"line":90,"column":10},"end":{"line":92,"column":11}},"type":"if","locations":[{"start":{"line":90,"column":10},"end":{"line":92,"column":11}},{"start":{},"end":{}}],"line":90},"8":{"loc":{"start":{"line":130,"column":8},"end":{"line":132,"column":9}},"type":"if","locations":[{"start":{"line":130,"column":8},"end":{"line":132,"column":9}},{"start":{},"end":{}}],"line":130},"9":{"loc":{"start":{"line":137,"column":6},"end":{"line":137,"column":37}},"type":"if","locations":[{"start":{"line":137,"column":6},"end":{"line":137,"column":37}},{"start":{},"end":{}}],"line":137},"10":{"loc":{"start":{"line":141,"column":6},"end":{"line":143,"column":7}},"type":"if","locations":[{"start":{"line":141,"column":6},"end":{"line":143,"column":7}},{"start":{},"end":{}}],"line":141},"11":{"loc":{"start":{"line":142,"column":30},"end":{"line":142,"column":62}},"type":"binary-expr","locations":[{"start":{"line":142,"column":30},"end":{"line":142,"column":56}},{"start":{"line":142,"column":60},"end":{"line":142,"column":62}}],"line":142},"12":{"loc":{"start":{"line":147,"column":8},"end":{"line":149,"column":9}},"type":"if","locations":[{"start":{"line":147,"column":8},"end":{"line":149,"column":9}},{"start":{},"end":{}}],"line":147},"13":{"loc":{"start":{"line":154,"column":26},"end":{"line":154,"column":75}},"type":"cond-expr","locations":[{"start":{"line":154,"column":57},"end":{"line":154,"column":70}},{"start":{"line":154,"column":73},"end":{"line":154,"column":75}}],"line":154},"14":{"loc":{"start":{"line":158,"column":6},"end":{"line":164,"column":7}},"type":"if","locations":[{"start":{"line":158,"column":6},"end":{"line":164,"column":7}},{"start":{},"end":{}}],"line":158},"15":{"loc":{"start":{"line":174,"column":4},"end":{"line":174,"column":40}},"type":"if","locations":[{"start":{"line":174,"column":4},"end":{"line":174,"column":40}},{"start":{},"end":{}}],"line":174},"16":{"loc":{"start":{"line":182,"column":6},"end":{"line":184,"column":7}},"type":"if","locations":[{"start":{"line":182,"column":6},"end":{"line":184,"column":7}},{"start":{},"end":{}}],"line":182},"17":{"loc":{"start":{"line":205,"column":8},"end":{"line":210,"column":9}},"type":"if","locations":[{"start":{"line":205,"column":8},"end":{"line":210,"column":9}},{"start":{},"end":{}}],"line":205},"18":{"loc":{"start":{"line":215,"column":6},"end":{"line":217,"column":7}},"type":"if","locations":[{"start":{"line":215,"column":6},"end":{"line":217,"column":7}},{"start":{},"end":{}}],"line":215},"19":{"loc":{"start":{"line":231,"column":4},"end":{"line":234,"column":5}},"type":"if","locations":[{"start":{"line":231,"column":4},"end":{"line":234,"column":5}},{"start":{},"end":{}}],"line":231},"20":{"loc":{"start":{"line":238,"column":4},"end":{"line":238,"column":33}},"type":"if","locations":[{"start":{"line":238,"column":4},"end":{"line":238,"column":33}},{"start":{},"end":{}}],"line":238},"21":{"loc":{"start":{"line":247,"column":6},"end":{"line":249,"column":7}},"type":"if","locations":[{"start":{"line":247,"column":6},"end":{"line":249,"column":7}},{"start":{},"end":{}}],"line":247},"22":{"loc":{"start":{"line":276,"column":4},"end":{"line":292,"column":5}},"type":"if","locations":[{"start":{"line":276,"column":4},"end":{"line":292,"column":5}},{"start":{"line":280,"column":11},"end":{"line":292,"column":5}}],"line":276},"23":{"loc":{"start":{"line":287,"column":30},"end":{"line":287,"column":59}},"type":"binary-expr","locations":[{"start":{"line":287,"column":30},"end":{"line":287,"column":53}},{"start":{"line":287,"column":57},"end":{"line":287,"column":59}}],"line":287},"24":{"loc":{"start":{"line":296,"column":4},"end":{"line":296,"column":35}},"type":"if","locations":[{"start":{"line":296,"column":4},"end":{"line":296,"column":35}},{"start":{},"end":{}}],"line":296},"25":{"loc":{"start":{"line":303,"column":8},"end":{"line":308,"column":9}},"type":"if","locations":[{"start":{"line":303,"column":8},"end":{"line":308,"column":9}},{"start":{},"end":{}}],"line":303},"26":{"loc":{"start":{"line":328,"column":4},"end":{"line":330,"column":5}},"type":"if","locations":[{"start":{"line":328,"column":4},"end":{"line":330,"column":5}},{"start":{},"end":{}}],"line":328},"27":{"loc":{"start":{"line":329,"column":28},"end":{"line":329,"column":60}},"type":"binary-expr","locations":[{"start":{"line":329,"column":28},"end":{"line":329,"column":54}},{"start":{"line":329,"column":58},"end":{"line":329,"column":60}}],"line":329},"28":{"loc":{"start":{"line":339,"column":15},"end":{"line":339,"column":55}},"type":"binary-expr","locations":[{"start":{"line":339,"column":15},"end":{"line":339,"column":38}},{"start":{"line":339,"column":42},"end":{"line":339,"column":55}}],"line":339},"29":{"loc":{"start":{"line":353,"column":4},"end":{"line":356,"column":5}},"type":"if","locations":[{"start":{"line":353,"column":4},"end":{"line":356,"column":5}},{"start":{},"end":{}}],"line":353},"30":{"loc":{"start":{"line":360,"column":4},"end":{"line":360,"column":30}},"type":"if","locations":[{"start":{"line":360,"column":4},"end":{"line":360,"column":30}},{"start":{},"end":{}}],"line":360},"31":{"loc":{"start":{"line":366,"column":6},"end":{"line":373,"column":7}},"type":"if","locations":[{"start":{"line":366,"column":6},"end":{"line":373,"column":7}},{"start":{},"end":{}}],"line":366},"32":{"loc":{"start":{"line":400,"column":4},"end":{"line":400,"column":32}},"type":"if","locations":[{"start":{"line":400,"column":4},"end":{"line":400,"column":32}},{"start":{},"end":{}}],"line":400},"33":{"loc":{"start":{"line":407,"column":6},"end":{"line":412,"column":7}},"type":"if","locations":[{"start":{"line":407,"column":6},"end":{"line":412,"column":7}},{"start":{},"end":{}}],"line":407},"34":{"loc":{"start":{"line":444,"column":4},"end":{"line":446,"column":5}},"type":"if","locations":[{"start":{"line":444,"column":4},"end":{"line":446,"column":5}},{"start":{},"end":{}}],"line":444},"35":{"loc":{"start":{"line":449,"column":2},"end":{"line":458,"column":3}},"type":"if","locations":[{"start":{"line":449,"column":2},"end":{"line":458,"column":3}},{"start":{},"end":{}}],"line":449},"36":{"loc":{"start":{"line":462,"column":4},"end":{"line":462,"column":34}},"type":"if","locations":[{"start":{"line":462,"column":4},"end":{"line":462,"column":34}},{"start":{},"end":{}}],"line":462},"37":{"loc":{"start":{"line":468,"column":4},"end":{"line":470,"column":5}},"type":"if","locations":[{"start":{"line":468,"column":4},"end":{"line":470,"column":5}},{"start":{},"end":{}}],"line":468},"38":{"loc":{"start":{"line":472,"column":4},"end":{"line":474,"column":5}},"type":"if","locations":[{"start":{"line":472,"column":4},"end":{"line":474,"column":5}},{"start":{},"end":{}}],"line":472},"39":{"loc":{"start":{"line":503,"column":13},"end":{"line":513,"column":13}},"type":"binary-expr","locations":[{"start":{"line":503,"column":13},"end":{"line":503,"column":36}},{"start":{"line":504,"column":14},"end":{"line":512,"column":23}}],"line":503},"40":{"loc":{"start":{"line":516,"column":11},"end":{"line":549,"column":11}},"type":"cond-expr","locations":[{"start":{"line":517,"column":12},"end":{"line":540,"column":18}},{"start":{"line":542,"column":12},"end":{"line":548,"column":18}}],"line":516},"41":{"loc":{"start":{"line":543,"column":15},"end":{"line":547,"column":15}},"type":"cond-expr","locations":[{"start":{"line":544,"column":16},"end":{"line":544,"column":72}},{"start":{"line":546,"column":16},"end":{"line":546,"column":102}}],"line":543},"42":{"loc":{"start":{"line":553,"column":9},"end":{"line":586,"column":9}},"type":"binary-expr","locations":[{"start":{"line":553,"column":9},"end":{"line":553,"column":23}},{"start":{"line":554,"column":10},"end":{"line":585,"column":16}}],"line":553},"43":{"loc":{"start":{"line":589,"column":9},"end":{"line":607,"column":9}},"type":"binary-expr","locations":[{"start":{"line":589,"column":9},"end":{"line":589,"column":33}},{"start":{"line":590,"column":10},"end":{"line":606,"column":16}}],"line":589},"44":{"loc":{"start":{"line":630,"column":11},"end":{"line":725,"column":11}},"type":"cond-expr","locations":[{"start":{"line":631,"column":12},"end":{"line":722,"column":18}},{"start":{"line":724,"column":12},"end":{"line":724,"column":56}}],"line":630},"45":{"loc":{"start":{"line":633,"column":65},"end":{"line":633,"column":115}},"type":"cond-expr","locations":[{"start":{"line":633,"column":100},"end":{"line":633,"column":110}},{"start":{"line":633,"column":113},"end":{"line":633,"column":115}}],"line":633},"46":{"loc":{"start":{"line":644,"column":33},"end":{"line":644,"column":69}},"type":"cond-expr","locations":[{"start":{"line":644,"column":53},"end":{"line":644,"column":64}},{"start":{"line":644,"column":67},"end":{"line":644,"column":69}}],"line":644},"47":{"loc":{"start":{"line":653,"column":31},"end":{"line":653,"column":93}},"type":"cond-expr","locations":[{"start":{"line":653,"column":66},"end":{"line":653,"column":78}},{"start":{"line":653,"column":81},"end":{"line":653,"column":93}}],"line":653},"48":{"loc":{"start":{"line":655,"column":41},"end":{"line":655,"column":111}},"type":"cond-expr","locations":[{"start":{"line":655,"column":76},"end":{"line":655,"column":96}},{"start":{"line":655,"column":99},"end":{"line":655,"column":111}}],"line":655},"49":{"loc":{"start":{"line":658,"column":55},"end":{"line":658,"column":106}},"type":"cond-expr","locations":[{"start":{"line":658,"column":90},"end":{"line":658,"column":97}},{"start":{"line":658,"column":100},"end":{"line":658,"column":106}}],"line":658},"50":{"loc":{"start":{"line":670,"column":19},"end":{"line":719,"column":19}},"type":"binary-expr","locations":[{"start":{"line":670,"column":19},"end":{"line":670,"column":51}},{"start":{"line":671,"column":20},"end":{"line":718,"column":26}}],"line":670},"51":{"loc":{"start":{"line":672,"column":23},"end":{"line":717,"column":23}},"type":"cond-expr","locations":[{"start":{"line":673,"column":24},"end":{"line":696,"column":30}},{"start":{"line":698,"column":24},"end":{"line":716,"column":30}}],"line":672},"52":{"loc":{"start":{"line":711,"column":27},"end":{"line":715,"column":27}},"type":"cond-expr","locations":[{"start":{"line":712,"column":28},"end":{"line":712,"column":87}},{"start":{"line":714,"column":28},"end":{"line":714,"column":114}}],"line":711},"53":{"loc":{"start":{"line":729,"column":9},"end":{"line":750,"column":9}},"type":"binary-expr","locations":[{"start":{"line":729,"column":9},"end":{"line":729,"column":31}},{"start":{"line":729,"column":35},"end":{"line":729,"column":50}},{"start":{"line":730,"column":10},"end":{"line":749,"column":16}}],"line":729},"54":{"loc":{"start":{"line":753,"column":9},"end":{"line":774,"column":9}},"type":"binary-expr","locations":[{"start":{"line":753,"column":9},"end":{"line":753,"column":35}},{"start":{"line":753,"column":39},"end":{"line":753,"column":51}},{"start":{"line":754,"column":10},"end":{"line":773,"column":16}}],"line":753},"55":{"loc":{"start":{"line":785,"column":9},"end":{"line":789,"column":9}},"type":"binary-expr","locations":[{"start":{"line":785,"column":9},"end":{"line":785,"column":16}},{"start":{"line":786,"column":10},"end":{"line":788,"column":16}}],"line":785}},"s":{"0":0,"1":0,"2":0,"3":0,"4":0,"5":0,"6":0,"7":0,"8":0,"9":0,"10":0,"11":0,"12":0,"13":0,"14":0,"15":0,"16":0,"17":0,"18":0,"19":0,"20":0,"21":0,"22":0,"23":0,"24":0,"25":0,"26":0,"27":0,"28":0,"29":0,"30":0,"31":0,"32":0,"33":0,"34":0,"35":0,"36":0,"37":0,"38":0,"39":0,"40":0,"41":0,"42":0,"43":0,"44":0,"45":0,"46":0,"47":0,"48":0,"49":0,"50":0,"51":0,"52":0,"53":0,"54":0,"55":0,"56":0,"57":0,"58":0,"59":0,"60":0,"61":0,"62":0,"63":0,"64":0,"65":0,"66":0,"67":0,"68":0,"69":0,"70":0,"71":0,"72":0,"73":0,"74":0,"75":0,"76":0,"77":0,"78":0,"79":0,"80":0,"81":0,"82":0,"83":0,"84":0,"85":0,"86":0,"87":0,"88":0,"89":0,"90":0,"91":0,"92":0,"93":0,"94":0,"95":0,"96":0,"97":0,"98":0,"99":0,"100":0,"101":0,"102":0,"103":0,"104":0,"105":0,"106":0,"107":0,"108":0,"109":0,"110":0,"111":0,"112":0,"113":0,"114":0,"115":0,"116":0,"117":0,"118":0,"119":0,"120":0,"121":0,"122":0,"123":0,"124":0,"125":0,"126":0,"127":0,"128":0,"129":0,"130":0,"131":0,"132":0,"133":0,"134":0,"135":0,"136":0,"137":0,"138":0,"139":0,"140":0,"141":0,"142":0,"143":0,"144":0,"145":0,
[...]
l":{"start":{"line":603,"column":44},"end":{"line":603,"column":45}},"loc":{"start":{"line":603,"column":51},"end":{"line":603,"column":70}},"line":603},"65":{"name":"(anonymous_65)","decl":{"start":{"line":604,"column":44},"end":{"line":604,"column":45}},"loc":{"start":{"line":604,"column":51},"end":{"line":604,"column":76}},"line":604},"66":{"name":"(anonymous_66)","decl":{"start":{"line":617,"column":44},"end":{"line":617,"column":45}},"loc":{"start":{"line":617,"column":69},"end":{"line":623,"column":7}},"line":617},"67":{"name":"(anonymous_67)","decl":{"start":{"line":635,"column":24},"end":{"line":635,"column":25}},"loc":{"start":{"line":635,"column":54},"end":{"line":667,"column":3}},"line":635},"68":{"name":"(anonymous_68)","decl":{"start":{"line":638,"column":38},"end":{"line":638,"column":39}},"loc":{"start":{"line":638,"column":45},"end":{"line":638,"column":61}},"line":638},"69":{"name":"(anonymous_69)","decl":{"start":{"line":639,"column":41},"end":{"line":639,"column":42}},"loc":{"start":{"line":639,"column":48},"end":{"line":639,"column":70}},"line":639},"70":{"name":"(anonymous_70)","decl":{"start":{"line":652,"column":41},"end":{"line":652,"column":42}},"loc":{"start":{"line":652,"column":63},"end":{"line":658,"column":7}},"line":652},"71":{"name":"(anonymous_71)","decl":{"start":{"line":670,"column":24},"end":{"line":670,"column":25}},"loc":{"start":{"line":670,"column":93},"end":{"line":701,"column":1}},"line":670},"72":{"name":"(anonymous_72)","decl":{"start":{"line":704,"column":19},"end":{"line":704,"column":20}},"loc":{"start":{"line":704,"column":55},"end":{"line":790,"column":1}},"line":704},"73":{"name":"(anonymous_73)","decl":{"start":{"line":792,"column":25},"end":{"line":792,"column":26}},"loc":{"start":{"line":792,"column":32},"end":{"line":799,"column":3}},"line":792},"74":{"name":"(anonymous_74)","decl":{"start":{"line":801,"column":24},"end":{"line":801,"column":25}},"loc":{"start":{"line":801,"column":30},"end":{"line":803,"column":3}},"line":801},"75":{"name":"(anonymous_75)","decl":{"start":{"line":847,"column":25},"end":{"line":847,"column":26}},"loc":{"start":{"line":847,"column":31},"end":{"line":853,"column":1}},"line":847}},"branchMap":{"0":{"loc":{"start":{"line":80,"column":8},"end":{"line":89,"column":9}},"type":"if","locations":[{"start":{"line":80,"column":8},"end":{"line":89,"column":9}},{"start":{"line":86,"column":15},"end":{"line":89,"column":9}}],"line":80},"1":{"loc":{"start":{"line":83,"column":12},"end":{"line":83,"column":90}},"type":"cond-expr","locations":[{"start":{"line":83,"column":51},"end":{"line":83,"column":83}},{"start":{"line":83,"column":86},"end":{"line":83,"column":90}}],"line":83},"2":{"loc":{"start":{"line":83,"column":13},"end":{"line":83,"column":47}},"type":"binary-expr","locations":[{"start":{"line":83,"column":13},"end":{"line":83,"column":24}},{"start":{"line":83,"column":28},"end":{"line":83,"column":47}}],"line":83},"3":{"loc":{"start":{"line":106,"column":8},"end":{"line":106,"column":63}},"type":"cond-expr","locations":[{"start":{"line":106,"column":29},"end":{"line":106,"column":56}},{"start":{"line":106,"column":59},"end":{"line":106,"column":63}}],"line":106},"4":{"loc":{"start":{"line":123,"column":8},"end":{"line":123,"column":70}},"type":"cond-expr","locations":[{"start":{"line":123,"column":33},"end":{"line":123,"column":61}},{"start":{"line":123,"column":64},"end":{"line":123,"column":70}}],"line":123},"5":{"loc":{"start":{"line":128,"column":6},"end":{"line":140,"column":7}},"type":"if","locations":[{"start":{"line":128,"column":6},"end":{"line":140,"column":7}},{"start":{},"end":{}}],"line":128},"6":{"loc":{"start":{"line":134,"column":10},"end":{"line":137,"column":11}},"type":"if","locations":[{"start":{"line":134,"column":10},"end":{"line":137,"column":11}},{"start":{},"end":{}}],"line":134},"7":{"loc":{"start":{"line":155,"column":8},"end":{"line":155,"column":58}},"type":"cond-expr","locations":[{"start":{"line":155,"column":27},"end":{"line":155,"column":52}},{"start":{"line":155,"column":55},"end":{"line":155,"column":58}}],"line":155},"8":{"loc":{"start":{"line":168,"column":6},"end":{"line":170,"column":7}},"type":"if","locations":[{"start":{"line":168,"column":6},"end":{"line":170,"column":7}},{"start":{},"end":{}}],"line":168},"9":{"loc":{"start":{"line":178,"column":6},"end":{"line":189,"column":7}},"type":"if","locations":[{"start":{"line":178,"column":6},"end":{"line":189,"column":7}},{"start":{"line":186,"column":13},"end":{"line":189,"column":7}}],"line":178},"10":{"loc":{"start":{"line":180,"column":28},"end":{"line":180,"column":47}},"type":"binary-expr","locations":[{"start":{"line":180,"column":28},"end":{"line":180,"column":33}},{"start":{"line":180,"column":37},"end":{"line":180,"column":47}}],"line":180},"11":{"loc":{"start":{"line":206,"column":6},"end":{"line":206,"column":46}},"type":"if","locations":[{"start":{"line":206,"column":6},"end":{"line":206,"column":46}},{"start":{},"end":{}}],"line":206},"12":{"loc":{"start":{"line":206,"column":10},"end":{"line":206,"column":37}},"type":"binary-expr","locations":[{"start":{"line":206,"column":10},"end":{"line":206,"column":22}},{"start":{"line":206,"column":26},"end":{"line":206,"column":37}}],"line":206},"13":{"loc":{"start":{"line":209,"column":6},"end":{"line":213,"column":7}},"type":"if","locations":[{"start":{"line":209,"column":6},"end":{"line":213,"column":7}},{"start":{},"end":{}}],"line":209},"14":{"loc":{"start":{"line":209,"column":10},"end":{"line":210,"column":48}},"type":"binary-expr","locations":[{"start":{"line":209,"column":10},"end":{"line":209,"column":54}},{"start":{"line":210,"column":10},"end":{"line":210,"column":48}}],"line":209},"15":{"loc":{"start":{"line":217,"column":13},"end":{"line":217,"column":79}},"type":"binary-expr","locations":[{"start":{"line":217,"column":13},"end":{"line":217,"column":47}},{"start":{"line":217,"column":51},"end":{"line":217,"column":79}}],"line":217},"16":{"loc":{"start":{"line":222,"column":8},"end":{"line":224,"column":13}},"type":"cond-expr","locations":[{"start":{"line":223,"column":12},"end":{"line":223,"column":35}},{"start":{"line":224,"column":12},"end":{"line":224,"column":13}}],"line":222},"17":{"loc":{"start":{"line":222,"column":9},"end":{"line":222,"column":61}},"type":"binary-expr","locations":[{"start":{"line":222,"column":9},"end":{"line":222,"column":33}},{"start":{"line":222,"column":37},"end":{"line":222,"column":61}}],"line":222},"18":{"loc":{"start":{"line":239,"column":8},"end":{"line":241,"column":9}},"type":"if","locations":[{"start":{"line":239,"column":8},"end":{"line":241,"column":9}},{"start":{},"end":{}}],"line":239},"19":{"loc":{"start":{"line":332,"column":6},"end":{"line":347,"column":7}},"type":"if","locations":[{"start":{"line":332,"column":6},"end":{"line":347,"column":7}},{"start":{},"end":{}}],"line":332},"20":{"loc":{"start":{"line":333,"column":51},"end":{"line":333,"column":98}},"type":"binary-expr","locations":[{"start":{"line":333,"column":51},"end":{"line":333,"column":70}},{"start":{"line":333,"column":74},"end":{"line":333,"column":98}}],"line":333},"21":{"loc":{"start":{"line":336,"column":10},"end":{"line":338,"column":18}},"type":"cond-expr","locations":[{"start":{"line":337,"column":14},"end":{"line":337,"column":43}},{"start":{"line":338,"column":14},"end":{"line":338,"column":18}}],"line":336},"22":{"loc":{"start":{"line":336,"column":11},"end":{"line":336,"column":58}},"type":"binary-expr","locations":[{"start":{"line":336,"column":11},"end":{"line":336,"column":30}},{"start":{"line":336,"column":34},"end":{"line":336,"column":58}}],"line":336},"23":{"loc":{"start":{"line":398,"column":8},"end":{"line":398,"column":57}},"type":"cond-expr","locations":[{"start":{"line":398,"column":29},"end":{"line":398,"column":50}},{"start":{"line":398,"column":53},"end":{"line":398,"column":57}}],"line":398},"24":{"loc":{"start":{"line":432,"column":6},"end":{"line":437,"column":7}},"type":"if","locations":[{"start":{"line":432,"column":6},"end":{"line":437,"column":7}},{"start":{},"end":{}}],"line":432},"25":{"loc":{"start":{"line":458,"column":8},"end":{"line":461,"column":9}},"type":"if","locations":[{"start":{"line":458,"column":8},"end":{"line":461,"column":9}},{"start":{},"end":{}}],"line":458},"26":{"loc":{"start":{"line":470,"column":8},"end":{"line":472,"column":16}},"type":"cond-expr","locations":[{"start":{"line":471,"column":12},"end":{"line":471,"column":55}},{"start":{"line":472,"column":12},"end":{"line":472,"column":16}}],"line":470},"27":{"loc":{"start":{"line":496,"column":4},"end":{"line":543,"column":5}},"type":"if","locations":[{"start":{"line":496,"column":4},"end":{"line":543,"column":5}},{"start":{"line":519,"column":9},"end":{"line":543,"column":5}}],"line":496},"28":{"loc":{"start":{"line":514,"column":8},"end":{"line":514,"column":69}},"type":"cond-expr","locations":[{"start":{"line":514,"column":31},"end":{"line":514,"column":62}},{"start":{"line":514,"column":65},"end":{"line":514,"column":69}}],"line":514},"29":{"loc":{"start":{"line":540,"column":8},"end":{"line":540,"column":62}},"type":"cond-expr","locations":[{"start":{"line":540,"column":31},"end":{"line":540,"column":55}},{"start":{"line":540,"column":58},"end":{"line":540,"column":62}}],"line":540},"30":{"loc":{"start":{"line":570,"column":6},"end":{"line":570,"column":24}},"type":"if","locations":[{"start":{"line":570,"column":6},"end":{"line":570,"column":24}},{"start":{},"end":{}}],"line":570},"31":{"loc":{"start":{"line":573,"column":28},"end":{"line":573,"column":86}},"type":"binary-expr","locations":[{"start":{"line":573,"column":28},"end":{"line":573,"column":53}},{"start":{"line":573,"column":57},"end":{"line":573,"column":86}}],"line":573},"32":{"loc":{"start":{"line":574,"column":25},"end":{"line":574,"column":74}},"type":"binary-expr","locations":[{"start":{"line":574,"column":25},"end":{"line":574,"column":47}},{"start":{"line":574,"column":51},"end":{"line":574,"column":74}}],"line":574},"33":{"loc":{"start":{"line":576,"column":6},"end":{"line":576,"column":48}},"type":"if","locations":[{"start":{"line":576,"column":6},"end":{"line":576,"column":48}},{"start":{},"end":{}}],"line":576},"34":{"loc":{"start":{"line":576,"column":10},"end":{"line":576,"column":39}},"type":"binary-expr","locations":[{"start":{"line":576,"column":10},"end":{"line":576,"column":24}},{"start":{"line":576,"column":28},"end":{"line":576,"column":39}}],"line":576},"35":{"loc":{"start":{"line":581,"column":6},"end":{"line":584,"column":7}},"type":"if","locations":[{"start":{"line":581,"column":6},"end":{"line":584,"column":7}},{"start":{},"end":{}}],"line":581},"36":{"loc":{"start":{"line":587,"column":6},"end":{"line":590,"column":7}},"type":"if","locations":[{"start":{"line":587,"column":6},"end":{"line":590,"column":7}},{"start":{},"end":{}}],"line":587},"37":{"loc":{"start":{"line":592,"column":30},"end":{"line":592,"column":63}},"type":"cond-expr","locations":[{"start":{"line":592,"column":48},"end":{"line":592,"column":59}},{"start":{"line":592,"column":62},"end":{"line":592,"column":63}}],"line":592},"38":{"loc":{"start":{"line":606,"column":6},"end":{"line":606,"column":59}},"type":"if","locations":[{"start":{"line":606,"column":6},"end":{"line":606,"column":59}},{"start":{},"end":{}}],"line":606},"39":{"loc":{"start":{"line":606,"column":10},"end":{"line":606,"column":50}},"type":"binary-expr","locations":[{"start":{"line":606,"column":10},"end":{"line":606,"column":28}},{"start":{"line":606,"column":32},"end":{"line":606,"column":50}}],"line":606},"40":{"loc":{"start":{"line":641,"column":6},"end":{"line":641,"column":56}},"type":"if","locations":[{"start":{"line":641,"column":6},"end":{"line":641,"column":56}},{"start":{},"end":{}}],"line":641},"41":{"loc":{"start":{"line":641,"column":10},"end":{"line":641,"column":47}},"type":"binary-expr","locations":[{"start":{"line":641,"column":10},"end":{"line":641,"column":25}},{"start":{"line":641,"column":29},"end":{"line":641,"column":47}}],"line":641},"42":{"loc":{"start":{"line":670,"column":32},"end":{"line":670,"column":45}},"type":"default-arg","locations":[{"start":{"line":670,"column":39},"end":{"line":670,"column":45}}],"line":670},"43":{"loc":{"start":{"line":670,"column":47},"end":{"line":670,"column":68}},"type":"default-arg","locations":[{"start":{"line":670,"column":64},"end":{"line":670,"column":68}}],"line":670},"44":{"loc":{"start":{"line":670,"column":70},"end":{"line":670,"column":88}},"type":"default-arg","locations":[{"start":{"line":670,"column":84},"end":{"line":670,"column":88}}],"line":670},"45":{"loc":{"start":{"line":674,"column":2},"end":{"line":683,"column":3}},"type":"if","locations":[{"start":{"line":674,"column":2},"end":{"line":683,"column":3}},{"start":{"line":681,"column":9},"end":{"line":683,"column":3}}],"line":674},"46":{"loc":{"start":{"line":697,"column":2},"end":{"line":700,"column":3}},"type":"if","locations":[{"start":{"line":697,"column":2},"end":{"line":700,"column":3}},{"start":{},"end":{}}],"line":697},"47":{"loc":{"start":{"line":710,"column":2},"end":{"line":786,"column":3}},"type":"if","locations":[{"start":{"line":710,"column":2},"end":{"line":786,"column":3}},{"start":{"line":753,"column":7},"end":{"line":786,"column":3}}],"line":710},"48":{"loc":{"start":{"line":728,"column":6},"end":{"line":730,"column":7}},"type":"if","locations":[{"start":{"line":728,"column":6},"end":{"line":730,"column":7}},{"start":{},"end":{}}],"line":728},"49":{"loc":{"start":{"line":728,"column":10},"end":{"line":728,"column":74}},"type":"binary-expr","locations":[{"start":{"line":728,"column":10},"end":{"line":728,"column":43}},{"start":{"line":728,"column":47},"end":{"line":728,"column":74}}],"line":728},"50":{"loc":{"start":{"line":742,"column":8},"end":{"line":745,"column":9}},"type":"if","locations":[{"start":{"line":742,"column":8},"end":{"line":745,"column":9}},{"start":{},"end":{}}],"line":742},"51":{"loc":{"start":{"line":742,"column":12},"end":{"line":742,"column":55}},"type":"binary-expr","locations":[{"start":{"line":742,"column":12},"end":{"line":742,"column":18}},{"start":{"line":742,"column":22},"end":{"line":742,"column":55}}],"line":742},"52":{"loc":{"start":{"line":753,"column":7},"end":{"line":786,"column":3}},"type":"if","locations":[{"start":{"line":753,"column":7},"end":{"line":786,"column":3}},{"start":{"line":771,"column":7},"end":{"line":786,"column":3}}],"line":753},"53":{"loc":{"start":{"line":762,"column":6},"end":{"line":764,"column":7}},"type":"if","locations":[{"start":{"line":762,"column":6},"end":{"line":764,"column":7}},{"start":{},"end":{}}],"line":762},"54":{"loc":{"start":{"line":771,"column":7},"end":{"line":786,"column":3}},"type":"if","locations":[{"start":{"line":771,"column":7},"end":{"line":786,"column":3}},{"start":{},"end":{}}],"line":771},"55":{"loc":{"start":{"line":780,"column":6},"end":{"line":782,"column":7}},"type":"if","locations":[{"start":{"line":780,"column":6},"end":{"line":782,"column":7}},{"start":{},"end":{}}],"line":780},"56":{"loc":{"start":{"line":793,"column":4},"end":{"line":795,"column":5}},"type":"if","locations":[{"start":{"line":793,"column":4},"end":{"line":795,"column":5}},{"start":{},"end":{}}],"line":793},"57":{"loc":{"start":{"line":849,"column":2},"end":{"line":851,"column":3}},"type":"if","locations":[{"start":{"line":849,"column":2},"end":{"line":851,"column":3}},{"start":{},"end":{}}],"line":849}},"s":{"0":1,"1":0,"2":0,"3":0,"4":0,"5":0,"6":0,"7":0,"8":0,"9":0,"10":0,"11":0,"12":0,"13":0,"14":0,"15":0,"16":0,"17":0,"18":0,"19":0,"20":0,"21":0,"22":0,"23":0,"24":0,"25":0,"26":0,"27":0,"28":0,"29":0,"30":0,"31":0,"32":0,"33":0,"34":0,"35":0,"36":0,"37":0,"38":0,"39":0,"40":0,"41":0,"42":0,"43":0,"44":0,"45":0,"46":0,"47":0,"48":0,"49":0,"50":0,"51":0,"52":0,"53":0,"54":0,"55":0,"56":0,"57":0,"58":0,"59":0,"60":0,"61":0,"62":0,"63":0,"64":0,"65":0,"66":0,"67":0,"68":0,"69":0,"70":0,"71":0,"72":0,"73":0,"74":0,"75":0,"76":0,"77":0,"78":0,"79":0,"80":0,"81":0,"82":0,"83":0,"84":0,"85":0,"86":0,"87":0,"88":0,"89":0,"90":0,"91":0,"92":0,"93":0,"94":0,"95":0,"96":0,"97":0,"98":0,"99":0,"100":0,"101":0,"102":0,"103":0,"104":0,"105":0,"106":0,"107":0,"108":0,"109":0,"110":0,"111":0,"112":0,"113":0,"114":0,"115":0,"116":0,"117":0,"118":0,"119":0,"120":0,"121":0,"122":0,"123":0,"124":0,"125":0,"126":0,"127":0,"128":0,"129":0,"130":0,"131":0,"132":0,"133":0,"134":0,"135":0,"136":0,"137":0,"138":0,"139":0,"140":0,"141":0,"142":0,"143":0,"144":0,"145":0,"146":0,"147":0,"148":0,"149":0,"150":0,"151":0,"152":0,"153":0,"154":0,"155":0,"156":0,"157":0,"158":0,"159":0,"160":0,"161":0,"162":0,"163":0,"164":0,"165":0,"166":0,"167":0,"168":0,"169":0,"170":0,"171":0,"172":0,"173":0,"174":0,"175":0,"176":0,"177":0,"178":0,"179":0,"180":0,"181":0,"182":0,"183":0,"184":0,"185":0,"186":0,"187":0,"188":0,"189":0,"190":0,"191":0,"192":0,"193":0,"194":0,"195":0,"196":0,"197":0,"198":0,"199":0,"200":0,"201":0,"202":0,"203":0,"204":0,"205":0,"206":0,"207":0,"208":0,"209":0,"210":0,"211":0,"212":0,"213":0,"214":0,"215":0,"216":0,"217":0,"218":0,"219":0,"220":0,"221":0,"222":0,"223":0,"224":0,"225":0,"226":0,"227":0,"228":0,"229":0,"230":0,"231":0,"232":0,"233":0,"234":0,"235":0,"236":0,"237":0,"238":0,"239":0,"240":0,"241":0,"242":0,"243":0,"244":0,"245":0,"246":0,"247":0,"248":0,"249":0,"250":0,"251":0,"252":0,"253":0,"254":0,"255":0,"256":0,"257":0,"258":0,"259":0,"260":0,"261":0,"262":0,"263":0,"264":0,"265":0,"266":0,"267":0,"268":0,"269":0,"270":0,"271":0,"272":0,"273":0,"274":0,"275":0,"276":0,"277":0,"278":0,"279":0,"280":0,"281":0,"282":0,"283":0,"284":0,"285":0,"286":0,"287":0,"288":0,"289":0,"290":0,"291":0,"292":0,"293":0,"294":0,"295":0,"296":0,"297":0,"298":0,"299":0,"300":0,"301":0,"302":0,"303":0,"304":0,"305":0,"306":0,"307":0,"308":0,"309":0,"310":0,"311":0,"312":0,"313":0,"314":0,"315":0,"316":0,"317":0,"318":0,"319":0,"320":0,"321":0,"322":0,"323":0,"324":0,"325":0,"326":0,"327":0,"328":0,"329":0,"330":0,"331":0,"332":0,"333":0,"334":0,"335":0,"336":0,"337":0,"338":0,"339":0,"340":0,"341":0,"342":0,"343":0,"344":0,"345":0,"346":0,"347":0,"348":0,"349":0,"350":0,"351":0,"352":0,"353":0,"354":0,"355":0,"356":0,"357":0,"358":0,"359":0,"360":0,"361":0,"362":0,"363":0,"364":0,"365":0,"366":0,"367":0,"368":0,"369":0,"370":0,"371":0,"372":0,"373":0,"374":0,"375":0,"376":0,"377":0,"378":0,"379":0,"380":0,"381":0,"382":0,"383":0,"384":0,"385":0,"386":0,"387":0,"388":0,"389":0,"390":0,"391":0,"392":0,"393":0,"394":0,"395":0,"396":0,"397":0,"398":0,"399":0,"400":0,"401":0,"402":0,"403":0,"404":0,"405":0,"406":0,"407":0,"408":0,"409":0,"410":0,"411":0,"412":0,"413":0,"414":1,"415":19,"416":19,"417":0,"418":19},"f":{"0":0,"1":0,"2":0,"3":0,"4":0,"5":0,"6":0,"7":0,"8":0,"9":0,"10":0,"11":0,"12":0,"13":0,"14":0,"15":0,"16":0,"17":0,"18":0,"19":0,"20":0,"21":0,"22":0,"23":0,"24":0,"25":0,"26":0,"27":0,"28":0,"29":0,"30":0,"31":0,"32":0,"33":0,"34":0,"35":0,"36":0,"37":0,"38":0,"39":0,"40":0,"41":0,"42":0,"43":0,"44":0,"45":0,"46":0,"47":0,"48":0,"49":0,"50":0,"51":0,"52":0,"53":0,"54":0,"55":0,"56":0,"57":0,"58":0,"59":0,"60":0,"61":0,"62":0,"63":0,"64":0,"65":0,"66":0,"67":0,"68":0,"69":0,"70":0,"71":0,"72":0,"73":0,"74":0,"75":19},"b":{"0":[0,0],"1":[0,0],"2":[0,0],"3":[0,0],"4":[0,0],"5":[0,0],"6":[0,0],"7":[0,0],"8":[0,0],"9":[0,0],"10":[0,0],"11":[0,0],"12":[0,0],"13":[0,0],"14":[0,0],"15":[0,0],"16":[0,0],"17":[0,0],"18":[0,0],"19":[0,0],"20":[0,0],"21":[0,0],"22":[0,0],"23":[0,0],"24":[0,0],"25":[0,0],"26":[0,0],"27":[0,0],"28":[0,0],"29":[0,0],"30":[0,0],"31":[0,0],"32":[0,0],"33":[0,0],"34":[0,0],"35":[0,0],"36":[0,0],"37":[0,0],"38":[0,0],"39":[0,0],"40":[0,0],"41":[0,0],"42":[0],"43":[0],"44":[0],"45":[0,0],"46":[0,0],"47":[0,0],"48":[0,0],"49":[0,0],"50":[0,0],"51":[0,0],"52":[0,0],"53":[0,0],"54":[0,0],"55":[0,0],"56":[0,0],"57":[0,19]},"_coverageSchema":"1a1c01bbd47fc00a2c39e90264f33305004495a9","hash":"1f68947f96431e1094287164cc432c725792e05f"}
}
