TN:
SF:src\components\EditableText.jsx
FN:3,EditableText
FN:16,(anonymous_1)
FN:24,(anonymous_2)
FN:28,(anonymous_3)
FN:32,(anonymous_4)
FN:44,(anonymous_5)
FN:59,(anonymous_6)
FNF:7
FNH:3
FNDA:22,EditableText
FNDA:11,(anonymous_1)
FNDA:11,(anonymous_2)
FNDA:0,(anonymous_3)
FNDA:0,(anonymous_4)
FNDA:0,(anonymous_5)
FNDA:0,(anonymous_6)
DA:11,22
DA:12,22
DA:13,22
DA:14,22
DA:16,22
DA:17,11
DA:18,0
DA:19,0
DA:24,22
DA:25,11
DA:28,22
DA:29,0
DA:32,22
DA:33,0
DA:34,0
DA:35,0
DA:36,0
DA:38,0
DA:39,0
DA:41,0
DA:44,22
DA:45,0
DA:46,0
DA:47,0
DA:48,0
DA:49,0
DA:53,22
DA:54,0
DA:59,0
DA:68,22
LF:30
LH:13
BRDA:7,0,0,0
BRDA:8,1,0,0
BRDA:9,2,0,0
BRDA:17,3,0,0
BRDA:17,3,1,11
BRDA:17,4,0,11
BRDA:17,4,1,0
BRDA:33,5,0,0
BRDA:33,5,1,0
BRDA:33,6,0,0
BRDA:33,6,1,0
BRDA:35,7,0,0
BRDA:35,7,1,0
BRDA:38,8,0,0
BRDA:38,8,1,0
BRDA:45,9,0,0
BRDA:45,9,1,0
BRDA:47,10,0,0
BRDA:47,10,1,0
BRDA:53,11,0,0
BRDA:53,11,1,22
BRF:21
BRH:3
end_of_record
TN:
SF:src\components\Task.jsx
FN:8,Task
FN:22,(anonymous_1)
FN:25,(anonymous_2)
FN:32,(anonymous_3)
FN:36,(anonymous_4)
FN:47,(anonymous_5)
FN:57,(anonymous_6)
FN:58,(anonymous_7)
FN:65,(anonymous_8)
FN:71,(anonymous_9)
FN:73,(anonymous_10)
FN:77,(anonymous_11)
FN:81,(anonymous_12)
FN:91,(anonymous_13)
FN:96,(anonymous_14)
FN:102,(anonymous_15)
FN:107,(anonymous_16)
FN:112,(anonymous_17)
FN:125,(anonymous_18)
FN:137,(anonymous_19)
FN:172,(anonymous_20)
FN:178,(anonymous_21)
FN:189,(anonymous_22)
FN:195,(anonymous_23)
FN:264,(anonymous_24)
FN:279,(anonymous_25)
FN:287,(anonymous_26)
FN:296,(anonymous_27)
FN:322,(anonymous_28)
FN:409,(anonymous_29)
FN:422,(anonymous_30)
FNF:31
FNH:18
FNDA:19,Task
FNDA:11,(anonymous_1)
FNDA:0,(anonymous_2)
FNDA:11,(anonymous_3)
FNDA:1,(anonymous_4)
FNDA:11,(anonymous_5)
FNDA:11,(anonymous_6)
FNDA:0,(anonymous_7)
FNDA:11,(anonymous_8)
FNDA:11,(anonymous_9)
FNDA:0,(anonymous_10)
FNDA:0,(anonymous_11)
FNDA:0,(anonymous_12)
FNDA:4,(anonymous_13)
FNDA:1,(anonymous_14)
FNDA:1,(anonymous_15)
FNDA:1,(anonymous_16)
FNDA:19,(anonymous_17)
FNDA:0,(anonymous_18)
FNDA:1,(anonymous_19)
FNDA:0,(anonymous_20)
FNDA:0,(anonymous_21)
FNDA:0,(anonymous_22)
FNDA:1,(anonymous_23)
FNDA:0,(anonymous_24)
FNDA:0,(anonymous_25)
FNDA:19,(anonymous_26)
FNDA:19,(anonymous_27)
FNDA:19,(anonymous_28)
FNDA:0,(anonymous_29)
FNDA:0,(anonymous_30)
DA:9,19
DA:10,19
DA:11,19
DA:12,19
DA:13,19
DA:14,19
DA:15,19
DA:16,19
DA:18,19
DA:19,19
DA:22,19
DA:23,11
DA:24,11
DA:25,11
DA:26,11
DA:28,0
DA:32,19
DA:34,11
DA:36,1
DA:37,1
DA:38,1
DA:44,11
DA:47,11
DA:48,11
DA:49,0
DA:51,11
DA:52,0
DA:57,19
DA:58,11
DA:59,0
DA:63,11
DA:65,11
DA:66,11
DA:71,19
DA:72,11
DA:73,0
DA:74,0
DA:77,0
DA:81,19
DA:82,0
DA:87,0
DA:88,0
DA:91,19
DA:92,4
DA:93,4
DA:96,19
DA:97,1
DA:98,1
DA:99,1
DA:100,1
DA:101,1
DA:102,1
DA:103,1
DA:107,19
DA:108,1
DA:109,1
DA:112,19
DA:113,19
DA:115,19
DA:116,17
DA:119,2
DA:126,0
DA:137,19
DA:138,1
DA:141,1
DA:149,1
DA:150,1
DA:153,1
DA:154,1
DA:156,1
DA:159,1
DA:160,1
DA:164,1
DA:165,0
DA:168,0
DA:169,0
DA:172,0
DA:173,0
DA:178,19
DA:179,0
DA:180,0
DA:183,0
DA:185,0
DA:189,19
DA:190,0
DA:191,0
DA:192,0
DA:195,19
DA:196,1
DA:197,1
DA:198,1
DA:201,1
DA:202,1
DA:203,0
DA:207,1
DA:208,0
DA:209,0
DA:210,0
DA:213,0
DA:216,0
DA:217,0
DA:221,0
DA:223,0
DA:228,1
DA:229,1
DA:230,1
DA:231,1
DA:233,1
DA:234,1
DA:236,1
DA:238,1
DA:240,1
DA:243,1
DA:244,1
DA:245,1
DA:249,1
DA:250,1
DA:253,0
DA:254,0
DA:258,0
DA:259,0
DA:264,19
DA:265,0
DA:268,0
DA:269,0
DA:270,0
DA:274,0
DA:275,0
DA:279,19
DA:280,0
DA:281,0
DA:282,0
DA:283,0
DA:287,19
DA:288,19
DA:291,19
DA:292,19
DA:294,19
DA:297,19
DA:298,19
DA:322,19
DA:324,19
DA:325,19
DA:326,0
DA:327,0
DA:331,19
DA:340,19
DA:343,19
DA:409,0
DA:422,0
LF:150
LH:100
BRDA:34,0,0,1
BRDA:34,0,1,10
BRDA:34,1,0,11
BRDA:34,1,1,11
BRDA:37,2,0,1
BRDA:37,2,1,0
BRDA:48,3,0,0
BRDA:48,3,1,11
BRDA:48,4,0,11
BRDA:48,4,1,0
BRDA:51,5,0,0
BRDA:51,5,1,11
BRDA:72,6,0,0
BRDA:72,6,1,11
BRDA:82,7,0,0
BRDA:82,7,1,0
BRDA:82,8,0,0
BRDA:82,8,1,0
BRDA:82,8,2,0
BRDA:82,8,3,0
BRDA:82,8,4,0
BRDA:82,8,5,0
BRDA:115,9,0,17
BRDA:115,9,1,2
BRDA:115,10,0,19
BRDA:115,10,1,19
BRDA:122,11,0,2
BRDA:122,11,1,1
BRDA:129,12,0,2
BRDA:129,12,1,0
BRDA:159,13,0,1
BRDA:159,13,1,0
BRDA:164,14,0,0
BRDA:164,14,1,1
BRDA:168,15,0,0
BRDA:168,15,1,0
BRDA:183,16,0,0
BRDA:183,16,1,0
BRDA:183,17,0,0
BRDA:183,17,1,0
BRDA:202,18,0,0
BRDA:202,18,1,1
BRDA:207,19,0,0
BRDA:207,19,1,1
BRDA:216,20,0,0
BRDA:216,20,1,0
BRDA:228,21,0,1
BRDA:228,21,1,0
BRDA:233,22,0,1
BRDA:233,22,1,0
BRDA:243,23,0,1
BRDA:243,23,1,0
BRDA:244,24,0,1
BRDA:244,24,1,0
BRDA:253,25,0,0
BRDA:253,25,1,0
BRDA:269,26,0,0
BRDA:269,26,1,0
BRDA:274,27,0,0
BRDA:274,27,1,0
BRDA:282,28,0,0
BRDA:282,28,1,0
BRDA:288,29,0,0
BRDA:288,29,1,19
BRDA:288,30,0,19
BRDA:288,30,1,19
BRDA:312,31,0,19
BRDA:312,31,1,0
BRDA:325,32,0,0
BRDA:325,32,1,19
BRDA:327,33,0,0
BRDA:327,33,1,0
BRDA:340,34,0,19
BRDA:340,34,1,0
BRDA:347,35,0,0
BRDA:347,35,1,19
BRDA:357,36,0,19
BRDA:357,36,1,0
BRDA:384,37,0,19
BRDA:384,37,1,0
BRDA:391,38,0,19
BRDA:391,38,1,0
BRDA:391,38,2,0
BRDA:407,39,0,19
BRDA:407,39,1,4
BRDA:419,40,0,19
BRDA:419,40,1,0
BRF:87
BRH:37
end_of_record
TN:
SF:src\components\TaskDetails.jsx
FN:8,TaskDetails
FN:36,(anonymous_1)
FN:77,(anonymous_2)
FN:89,(anonymous_3)
FN:105,(anonymous_4)
FN:116,(anonymous_5)
FN:126,(anonymous_6)
FN:129,(anonymous_7)
FN:136,(anonymous_8)
FN:140,(anonymous_9)
FN:146,(anonymous_10)
FN:153,(anonymous_11)
FN:160,(anonymous_12)
FN:168,(anonymous_13)
FN:173,(anonymous_14)
FN:190,(anonymous_15)
FN:199,(anonymous_16)
FN:204,(anonymous_17)
FN:204,(anonymous_18)
FN:228,(anonymous_19)
FN:230,(anonymous_20)
FN:237,(anonymous_21)
FN:244,(anonymous_22)
FN:244,(anonymous_23)
FN:255,(anonymous_24)
FN:270,(anonymous_25)
FN:275,(anonymous_26)
FN:295,(anonymous_27)
FN:302,(anonymous_28)
FN:302,(anonymous_29)
FN:314,(anonymous_30)
FN:323,(anonymous_31)
FN:327,(anonymous_32)
FN:333,(anonymous_33)
FN:342,(anonymous_34)
FN:350,(anonymous_35)
FN:352,(anonymous_36)
FN:359,(anonymous_37)
FN:368,(anonymous_38)
FN:379,(anonymous_39)
FN:394,(anonymous_40)
FN:399,(anonymous_41)
FN:408,(anonymous_42)
FN:421,(anonymous_43)
FN:431,(anonymous_44)
FN:435,(anonymous_45)
FN:436,(anonymous_46)
FN:443,(anonymous_47)
FN:461,(anonymous_48)
FN:487,(anonymous_49)
FN:521,(anonymous_50)
FN:559,(anonymous_51)
FN:566,(anonymous_52)
FN:570,(anonymous_53)
FN:570,(anonymous_54)
FN:571,(anonymous_55)
FN:593,(anonymous_56)
FN:598,(anonymous_57)
FN:617,(anonymous_58)
FN:632,(anonymous_59)
FN:638,(anonymous_60)
FN:652,(anonymous_61)
FN:662,(anonymous_62)
FN:677,(anonymous_63)
FNF:64
FNH:0
FNDA:0,TaskDetails
FNDA:0,(anonymous_1)
FNDA:0,(anonymous_2)
FNDA:0,(anonymous_3)
FNDA:0,(anonymous_4)
FNDA:0,(anonymous_5)
FNDA:0,(anonymous_6)
FNDA:0,(anonymous_7)
FNDA:0,(anonymous_8)
FNDA:0,(anonymous_9)
FNDA:0,(anonymous_10)
FNDA:0,(anonymous_11)
FNDA:0,(anonymous_12)
FNDA:0,(anonymous_13)
FNDA:0,(anonymous_14)
FNDA:0,(anonymous_15)
FNDA:0,(anonymous_16)
FNDA:0,(anonymous_17)
FNDA:0,(anonymous_18)
FNDA:0,(anonymous_19)
FNDA:0,(anonymous_20)
FNDA:0,(anonymous_21)
FNDA:0,(anonymous_22)
FNDA:0,(anonymous_23)
FNDA:0,(anonymous_24)
FNDA:0,(anonymous_25)
FNDA:0,(anonymous_26)
FNDA:0,(anonymous_27)
FNDA:0,(anonymous_28)
FNDA:0,(anonymous_29)
FNDA:0,(anonymous_30)
FNDA:0,(anonymous_31)
FNDA:0,(anonymous_32)
FNDA:0,(anonymous_33)
FNDA:0,(anonymous_34)
FNDA:0,(anonymous_35)
FNDA:0,(anonymous_36)
FNDA:0,(anonymous_37)
FNDA:0,(anonymous_38)
FNDA:0,(anonymous_39)
FNDA:0,(anonymous_40)
FNDA:0,(anonymous_41)
FNDA:0,(anonymous_42)
FNDA:0,(anonymous_43)
FNDA:0,(anonymous_44)
FNDA:0,(anonymous_45)
FNDA:0,(anonymous_46)
FNDA:0,(anonymous_47)
FNDA:0,(anonymous_48)
FNDA:0,(anonymous_49)
FNDA:0,(anonymous_50)
FNDA:0,(anonymous_51)
FNDA:0,(anonymous_52)
FNDA:0,(anonymous_53)
FNDA:0,(anonymous_54)
FNDA:0,(anonymous_55)
FNDA:0,(anonymous_56)
FNDA:0,(anonymous_57)
FNDA:0,(anonymous_58)
FNDA:0,(anonymous_59)
FNDA:0,(anonymous_60)
FNDA:0,(anonymous_61)
FNDA:0,(anonymous_62)
FNDA:0,(anonymous_63)
DA:9,0
DA:10,0
DA:11,0
DA:12,0
DA:13,0
DA:14,0
DA:15,0
DA:16,0
DA:17,0
DA:18,0
DA:19,0
DA:20,0
DA:21,0
DA:22,0
DA:23,0
DA:24,0
DA:25,0
DA:26,0
DA:27,0
DA:28,0
DA:29,0
DA:31,0
DA:32,0
DA:33,0
DA:36,0
DA:37,0
DA:38,0
DA:41,0
DA:44,0
DA:45,0
DA:46,0
DA:47,0
DA:48,0
DA:50,0
DA:53,0
DA:56,0
DA:59,0
DA:60,0
DA:63,0
DA:64,0
DA:67,0
DA:68,0
DA:71,0
DA:72,0
DA:73,0
DA:76,0
DA:77,0
DA:78,0
DA:79,0
DA:80,0
DA:82,0
DA:83,0
DA:87,0
DA:88,0
DA:89,0
DA:90,0
DA:91,0
DA:95,0
DA:98,0
DA:100,0
DA:101,0
DA:105,0
DA:106,0
DA:108,0
DA:111,0
DA:112,0
DA:115,0
DA:116,0
DA:117,0
DA:120,0
DA:121,0
DA:126,0
DA:127,0
DA:128,0
DA:129,0
DA:130,0
DA:131,0
DA:136,0
DA:137,0
DA:140,0
DA:141,0
DA:142,0
DA:145,0
DA:146,0
DA:147,0
DA:148,0
DA:153,0
DA:154,0
DA:156,0
DA:158,0
DA:159,0
DA:160,0
DA:161,0
DA:162,0
DA:168,0
DA:169,0
DA:170,0
DA:173,0
DA:174,0
DA:176,0
DA:177,0
DA:178,0
DA:179,0
DA:182,0
DA:183,0
DA:187,0
DA:189,0
DA:190,0
DA:191,0
DA:194,0
DA:195,0
DA:199,0
DA:200,0
DA:201,0
DA:204,0
DA:205,0
DA:206,0
DA:211,0
DA:215,0
DA:216,0
DA:220,0
DA:223,0
DA:224,0
DA:228,0
DA:230,0
DA:231,0
DA:232,0
DA:233,0
DA:237,0
DA:238,0
DA:240,0
DA:241,0
DA:244,0
DA:247,0
DA:248,0
DA:252,0
DA:254,0
DA:255,0
DA:256,0
DA:260,0
DA:261,0
DA:263,0
DA:264,0
DA:265,0
DA:266,0
DA:270,0
DA:271,0
DA:272,0
DA:275,0
DA:276,0
DA:278,0
DA:279,0
DA:282,0
DA:283,0
DA:285,0
DA:286,0
DA:287,0
DA:289,0
DA:290,0
DA:295,0
DA:296,0
DA:298,0
DA:299,0
DA:302,0
DA:303,0
DA:304,0
DA:309,0
DA:312,0
DA:313,0
DA:314,0
DA:315,0
DA:318,0
DA:319,0
DA:323,0
DA:324,0
DA:327,0
DA:328,0
DA:329,0
DA:333,0
DA:334,0
DA:336,0
DA:343,0
DA:350,0
DA:352,0
DA:353,0
DA:354,0
DA:355,0
DA:359,0
DA:360,0
DA:362,0
DA:363,0
DA:366,0
DA:367,0
DA:368,0
DA:369,0
DA:370,0
DA:371,0
DA:375,0
DA:376,0
DA:378,0
DA:379,0
DA:380,0
DA:384,0
DA:385,0
DA:387,0
DA:388,0
DA:389,0
DA:390,0
DA:394,0
DA:395,0
DA:396,0
DA:399,0
DA:400,0
DA:402,0
DA:403,0
DA:406,0
DA:407,0
DA:408,0
DA:414,0
DA:415,0
DA:417,0
DA:418,0
DA:419,0
DA:421,0
DA:422,0
DA:425,0
DA:426,0
DA:431,0
DA:432,0
DA:435,0
DA:436,0
DA:437,0
DA:443,0
DA:444,0
DA:445,0
DA:449,0
DA:450,0
DA:461,0
DA:462,0
DA:464,0
DA:465,0
DA:468,0
DA:469,0
DA:472,0
DA:473,0
DA:477,0
DA:487,0
DA:521,0
DA:559,0
DA:566,0
DA:570,0
DA:572,0
DA:594,0
DA:598,0
DA:617,0
DA:633,0
DA:638,0
DA:652,0
DA:662,0
DA:677,0
LF:260
LH:0
BRDA:47,0,0,0
BRDA:47,0,1,0
BRDA:50,1,0,0
BRDA:50,1,1,0
BRDA:60,2,0,0
BRDA:60,2,1,0
BRDA:64,3,0,0
BRDA:64,3,1,0
BRDA:67,4,0,0
BRDA:67,4,1,0
BRDA:71,5,0,0
BRDA:71,5,1,0
BRDA:76,6,0,0
BRDA:76,6,1,0
BRDA:90,7,0,0
BRDA:90,7,1,0
BRDA:130,8,0,0
BRDA:130,8,1,0
BRDA:137,9,0,0
BRDA:137,9,1,0
BRDA:141,10,0,0
BRDA:141,10,1,0
BRDA:142,11,0,0
BRDA:142,11,1,0
BRDA:147,12,0,0
BRDA:147,12,1,0
BRDA:154,13,0,0
BRDA:154,13,1,0
BRDA:158,14,0,0
BRDA:158,14,1,0
BRDA:174,15,0,0
BRDA:174,15,1,0
BRDA:182,16,0,0
BRDA:182,16,1,0
BRDA:205,17,0,0
BRDA:205,17,1,0
BRDA:215,18,0,0
BRDA:215,18,1,0
BRDA:231,19,0,0
BRDA:231,19,1,0
BRDA:238,20,0,0
BRDA:238,20,1,0
BRDA:247,21,0,0
BRDA:247,21,1,0
BRDA:276,22,0,0
BRDA:276,22,1,0
BRDA:287,23,0,0
BRDA:287,23,1,0
BRDA:296,24,0,0
BRDA:296,24,1,0
BRDA:303,25,0,0
BRDA:303,25,1,0
BRDA:328,26,0,0
BRDA:328,26,1,0
BRDA:329,27,0,0
BRDA:329,27,1,0
BRDA:339,28,0,0
BRDA:339,28,1,0
BRDA:353,29,0,0
BRDA:353,29,1,0
BRDA:360,30,0,0
BRDA:360,30,1,0
BRDA:366,31,0,0
BRDA:366,31,1,0
BRDA:400,32,0,0
BRDA:400,32,1,0
BRDA:407,33,0,0
BRDA:407,33,1,0
BRDA:444,34,0,0
BRDA:444,34,1,0
BRDA:449,35,0,0
BRDA:449,35,1,0
BRDA:462,36,0,0
BRDA:462,36,1,0
BRDA:468,37,0,0
BRDA:468,37,1,0
BRDA:472,38,0,0
BRDA:472,38,1,0
BRDA:503,39,0,0
BRDA:503,39,1,0
BRDA:516,40,0,0
BRDA:516,40,1,0
BRDA:543,41,0,0
BRDA:543,41,1,0
BRDA:553,42,0,0
BRDA:553,42,1,0
BRDA:589,43,0,0
BRDA:589,43,1,0
BRDA:630,44,0,0
BRDA:630,44,1,0
BRDA:633,45,0,0
BRDA:633,45,1,0
BRDA:644,46,0,0
BRDA:644,46,1,0
BRDA:653,47,0,0
BRDA:653,47,1,0
BRDA:655,48,0,0
BRDA:655,48,1,0
BRDA:658,49,0,0
BRDA:658,49,1,0
BRDA:670,50,0,0
BRDA:670,50,1,0
BRDA:672,51,0,0
BRDA:672,51,1,0
BRDA:711,52,0,0
BRDA:711,52,1,0
BRDA:729,53,0,0
BRDA:729,53,1,0
BRDA:729,53,2,0
BRDA:753,54,0,0
BRDA:753,54,1,0
BRDA:753,54,2,0
BRDA:785,55,0,0
BRDA:785,55,1,0
BRF:114
BRH:0
end_of_record
TN:
SF:src\components\TaskLabels.jsx
FN:17,(anonymous_0)
FN:33,(anonymous_1)
FN:34,(anonymous_2)
FN:45,(anonymous_3)
FN:59,(anonymous_4)
FN:66,(anonymous_5)
FN:78,(anonymous_6)
FN:87,(anonymous_7)
FN:101,(anonymous_8)
FN:107,(anonymous_9)
FN:109,(anonymous_10)
FN:135,(anonymous_11)
FN:152,(anonymous_12)
FN:155,(anonymous_13)
FN:165,(anonymous_14)
FN:170,(anonymous_15)
FN:175,(anonymous_16)
FN:176,(anonymous_17)
FN:184,(anonymous_18)
FN:190,(anonymous_19)
FN:191,(anonymous_20)
FN:198,(anonymous_21)
FN:204,(anonymous_22)
FN:209,(anonymous_23)
FN:216,(anonymous_24)
FN:229,(anonymous_25)
FN:242,(anonymous_26)
FN:269,(anonymous_27)
FN:273,(anonymous_28)
FN:292,(anonymous_29)
FN:292,(anonymous_30)
FN:293,(anonymous_31)
FN:297,(anonymous_32)
FN:345,(anonymous_33)
FN:355,(anonymous_34)
FN:367,(anonymous_35)
FNF:36
FNH:0
FNDA:0,(anonymous_0)
FNDA:0,(anonymous_1)
FNDA:0,(anonymous_2)
FNDA:0,(anonymous_3)
FNDA:0,(anonymous_4)
FNDA:0,(anonymous_5)
FNDA:0,(anonymous_6)
FNDA:0,(anonymous_7)
FNDA:0,(anonymous_8)
FNDA:0,(anonymous_9)
FNDA:0,(anonymous_10)
FNDA:0,(anonymous_11)
FNDA:0,(anonymous_12)
FNDA:0,(anonymous_13)
FNDA:0,(anonymous_14)
FNDA:0,(anonymous_15)
FNDA:0,(anonymous_16)
FNDA:0,(anonymous_17)
FNDA:0,(anonymous_18)
FNDA:0,(anonymous_19)
FNDA:0,(anonymous_20)
FNDA:0,(anonymous_21)
FNDA:0,(anonymous_22)
FNDA:0,(anonymous_23)
FNDA:0,(anonymous_24)
FNDA:0,(anonymous_25)
FNDA:0,(anonymous_26)
FNDA:0,(anonymous_27)
FNDA:0,(anonymous_28)
FNDA:0,(anonymous_29)
FNDA:0,(anonymous_30)
FNDA:0,(anonymous_31)
FNDA:0,(anonymous_32)
FNDA:0,(anonymous_33)
FNDA:0,(anonymous_34)
FNDA:0,(anonymous_35)
DA:8,1
DA:17,1
DA:18,0
DA:19,0
DA:20,0
DA:21,0
DA:22,0
DA:23,0
DA:24,0
DA:25,0
DA:26,0
DA:27,0
DA:28,0
DA:29,0
DA:30,0
DA:33,0
DA:34,0
DA:35,0
DA:36,0
DA:37,0
DA:40,0
DA:41,0
DA:44,0
DA:45,0
DA:46,0
DA:49,0
DA:51,0
DA:55,0
DA:59,0
DA:60,0
DA:61,0
DA:66,0
DA:67,0
DA:69,0
DA:70,0
DA:71,0
DA:72,0
DA:78,0
DA:79,0
DA:83,0
DA:87,0
DA:88,0
DA:89,0
DA:92,0
DA:93,0
DA:95,0
DA:101,0
DA:102,0
DA:103,0
DA:107,0
DA:108,0
DA:109,0
DA:110,0
DA:113,0
DA:114,0
DA:115,0
DA:118,0
DA:119,0
DA:120,0
DA:123,0
DA:124,0
DA:127,0
DA:128,0
DA:130,0
DA:131,0
DA:135,0
DA:136,0
DA:138,0
DA:140,0
DA:141,0
DA:142,0
DA:144,0
DA:145,0
DA:146,0
DA:148,0
DA:152,0
DA:153,0
DA:154,0
DA:155,0
DA:156,0
DA:157,0
DA:159,0
DA:160,0
DA:165,0
DA:166,0
DA:167,0
DA:170,0
DA:171,0
DA:175,0
DA:176,0
DA:177,0
DA:179,0
DA:183,0
DA:184,0
DA:185,0
DA:190,0
DA:191,0
DA:192,0
DA:193,0
DA:197,0
DA:198,0
DA:199,0
DA:204,0
DA:205,0
DA:209,0
DA:210,0
DA:213,0
DA:217,0
DA:230,0
DA:231,0
DA:243,0
DA:244,0
DA:270,0
DA:274,0
DA:275,0
DA:292,0
DA:294,0
DA:298,0
DA:299,0
DA:345,0
DA:355,0
DA:367,0
LF:122
LH:2
BRDA:17,0,0,0
BRDA:41,1,0,0
BRDA:41,1,1,0
BRDA:60,2,0,0
BRDA:60,2,1,0
BRDA:67,3,0,0
BRDA:67,3,1,0
BRDA:70,4,0,0
BRDA:70,4,1,0
BRDA:92,5,0,0
BRDA:92,5,1,0
BRDA:92,6,0,0
BRDA:92,6,1,0
BRDA:93,7,0,0
BRDA:93,7,1,0
BRDA:93,8,0,0
BRDA:93,8,1,0
BRDA:113,9,0,0
BRDA:113,9,1,0
BRDA:123,10,0,0
BRDA:123,10,1,0
BRDA:136,11,0,0
BRDA:136,11,1,0
BRDA:166,12,0,0
BRDA:166,12,1,0
BRDA:171,13,0,0
BRDA:171,13,1,0
BRDA:177,14,0,0
BRDA:177,14,1,0
BRDA:177,15,0,0
BRDA:177,15,1,0
BRDA:177,15,2,0
BRDA:192,16,0,0
BRDA:192,16,1,0
BRDA:192,17,0,0
BRDA:192,17,1,0
BRDA:251,18,0,0
BRDA:251,18,1,0
BRDA:251,18,2,0
BRDA:288,19,0,0
BRDA:288,19,1,0
BRDA:323,20,0,0
BRDA:323,20,1,0
BRDA:323,20,2,0
BRDA:362,21,0,0
BRDA:362,21,1,0
BRF:46
BRH:0
end_of_record
TN:
SF:src\context\KanbanContext.jsx
FN:29,KanbanProvider
FN:42,(anonymous_1)
FN:43,(anonymous_2)
FN:51,(anonymous_3)
FN:55,(anonymous_4)
FN:68,(anonymous_5)
FN:82,(anonymous_6)
FN:102,(anonymous_7)
FN:105,(anonymous_8)
FN:117,(anonymous_9)
FN:122,(anonymous_10)
FN:127,(anonymous_11)
FN:132,(anonymous_12)
FN:151,(anonymous_13)
FN:154,(anonymous_14)
FN:166,(anonymous_15)
FN:185,(anonymous_16)
FN:188,(anonymous_17)
FN:200,(anonymous_18)
FN:203,(anonymous_19)
FN:204,(anonymous_20)
FN:217,(anonymous_21)
FN:221,(anonymous_22)
FN:228,(anonymous_23)
FN:229,(anonymous_24)
FN:237,(anonymous_25)
FN:238,(anonymous_26)
FN:248,(anonymous_27)
FN:266,(anonymous_28)
FN:281,(anonymous_29)
FN:287,(anonymous_30)
FN:292,(anonymous_31)
FN:306,(anonymous_32)
FN:312,(anonymous_33)
FN:326,(anonymous_34)
FN:333,(anonymous_35)
FN:335,(anonymous_36)
FN:344,(anonymous_37)
FN:357,(anonymous_38)
FN:364,(anonymous_39)
FN:369,(anonymous_40)
FN:379,(anonymous_41)
FN:390,(anonymous_42)
FN:396,(anonymous_43)
FN:397,(anonymous_44)
FN:411,(anonymous_45)
FN:418,(anonymous_46)
FN:427,(anonymous_47)
FN:430,(anonymous_48)
FN:440,(anonymous_49)
FN:466,(anonymous_50)
FN:469,(anonymous_51)
FN:488,(anonymous_52)
FN:494,(anonymous_53)
FN:498,(anonymous_54)
FN:510,(anonymous_55)
FN:513,(anonymous_56)
FN:539,(anonymous_57)
FN:556,(anonymous_58)
FN:559,(anonymous_59)
FN:567,(anonymous_60)
FN:569,(anonymous_61)
FN:592,(anonymous_62)
FN:600,(anonymous_63)
FN:603,(anonymous_64)
FN:604,(anonymous_65)
FN:617,(anonymous_66)
FN:635,(anonymous_67)
FN:638,(anonymous_68)
FN:639,(anonymous_69)
FN:652,(anonymous_70)
FN:670,(anonymous_71)
FN:704,(anonymous_72)
FN:792,(anonymous_73)
FN:801,(anonymous_74)
FN:847,(anonymous_75)
FNF:76
FNH:1
FNDA:0,KanbanProvider
FNDA:0,(anonymous_1)
FNDA:0,(anonymous_2)
FNDA:0,(anonymous_3)
FNDA:0,(anonymous_4)
FNDA:0,(anonymous_5)
FNDA:0,(anonymous_6)
FNDA:0,(anonymous_7)
FNDA:0,(anonymous_8)
FNDA:0,(anonymous_9)
FNDA:0,(anonymous_10)
FNDA:0,(anonymous_11)
FNDA:0,(anonymous_12)
FNDA:0,(anonymous_13)
FNDA:0,(anonymous_14)
FNDA:0,(anonymous_15)
FNDA:0,(anonymous_16)
FNDA:0,(anonymous_17)
FNDA:0,(anonymous_18)
FNDA:0,(anonymous_19)
FNDA:0,(anonymous_20)
FNDA:0,(anonymous_21)
FNDA:0,(anonymous_22)
FNDA:0,(anonymous_23)
FNDA:0,(anonymous_24)
FNDA:0,(anonymous_25)
FNDA:0,(anonymous_26)
FNDA:0,(anonymous_27)
FNDA:0,(anonymous_28)
FNDA:0,(anonymous_29)
FNDA:0,(anonymous_30)
FNDA:0,(anonymous_31)
FNDA:0,(anonymous_32)
FNDA:0,(anonymous_33)
FNDA:0,(anonymous_34)
FNDA:0,(anonymous_35)
FNDA:0,(anonymous_36)
FNDA:0,(anonymous_37)
FNDA:0,(anonymous_38)
FNDA:0,(anonymous_39)
FNDA:0,(anonymous_40)
FNDA:0,(anonymous_41)
FNDA:0,(anonymous_42)
FNDA:0,(anonymous_43)
FNDA:0,(anonymous_44)
FNDA:0,(anonymous_45)
FNDA:0,(anonymous_46)
FNDA:0,(anonymous_47)
FNDA:0,(anonymous_48)
FNDA:0,(anonymous_49)
FNDA:0,(anonymous_50)
FNDA:0,(anonymous_51)
FNDA:0,(anonymous_52)
FNDA:0,(anonymous_53)
FNDA:0,(anonymous_54)
FNDA:0,(anonymous_55)
FNDA:0,(anonymous_56)
FNDA:0,(anonymous_57)
FNDA:0,(anonymous_58)
FNDA:0,(anonymous_59)
FNDA:0,(anonymous_60)
FNDA:0,(anonymous_61)
FNDA:0,(anonymous_62)
FNDA:0,(anonymous_63)
FNDA:0,(anonymous_64)
FNDA:0,(anonymous_65)
FNDA:0,(anonymous_66)
FNDA:0,(anonymous_67)
FNDA:0,(anonymous_68)
FNDA:0,(anonymous_69)
FNDA:0,(anonymous_70)
FNDA:0,(anonymous_71)
FNDA:0,(anonymous_72)
FNDA:0,(anonymous_73)
FNDA:0,(anonymous_74)
FNDA:19,(anonymous_75)
DA:27,1
DA:30,0
DA:31,0
DA:32,0
DA:33,0
DA:34,0
DA:35,0
DA:36,0
DA:39,0
DA:42,0
DA:43,0
DA:44,0
DA:45,0
DA:48,0
DA:51,0
DA:54,0
DA:55,0
DA:56,0
DA:57,0
DA:60,0
DA:61,0
DA:64,0
DA:65,0
DA:66,0
DA:68,0
DA:69,0
DA:71,0
DA:72,0
DA:73,0
DA:77,0
DA:80,0
DA:81,0
DA:82,0
DA:83,0
DA:85,0
DA:88,0
DA:91,0
DA:93,0
DA:94,0
DA:98,0
DA:102,0
DA:103,0
DA:104,0
DA:105,0
DA:106,0
DA:108,0
DA:110,0
DA:111,0
DA:112,0
DA:117,0
DA:118,0
DA:119,0
DA:122,0
DA:123,0
DA:127,0
DA:128,0
DA:129,0
DA:130,0
DA:132,0
DA:133,0
DA:134,0
DA:135,0
DA:136,0
DA:138,0
DA:142,0
DA:144,0
DA:145,0
DA:146,0
DA:151,0
DA:152,0
DA:153,0
DA:154,0
DA:155,0
DA:157,0
DA:159,0
DA:160,0
DA:161,0
DA:166,0
DA:167,0
DA:168,0
DA:169,0
DA:172,0
DA:175,0
DA:178,0
DA:180,0
DA:181,0
DA:184,0
DA:185,0
DA:188,0
DA:192,0
DA:193,0
DA:195,0
DA:196,0
DA:200,0
DA:201,0
DA:203,0
DA:204,0
DA:206,0
DA:209,0
DA:212,0
DA:216,0
DA:217,0
DA:221,0
DA:222,0
DA:228,0
DA:229,0
DA:232,0
DA:233,0
DA:234,0
DA:237,0
DA:238,0
DA:239,0
DA:240,0
DA:242,0
DA:245,0
DA:248,0
DA:249,0
DA:250,0
DA:252,0
DA:256,0
DA:257,0
DA:260,0
DA:261,0
DA:262,0
DA:266,0
DA:267,0
DA:270,0
DA:271,0
DA:273,0
DA:275,0
DA:276,0
DA:277,0
DA:281,0
DA:282,0
DA:283,0
DA:286,0
DA:287,0
DA:288,0
DA:291,0
DA:292,0
DA:293,0
DA:295,0
DA:297,0
DA:299,0
DA:300,0
DA:301,0
DA:306,0
DA:307,0
DA:308,0
DA:311,0
DA:312,0
DA:317,0
DA:318,0
DA:320,0
DA:321,0
DA:326,0
DA:327,0
DA:328,0
DA:329,0
DA:332,0
DA:333,0
DA:335,0
DA:336,0
DA:341,0
DA:344,0
DA:345,0
DA:349,0
DA:351,0
DA:352,0
DA:357,0
DA:358,0
DA:359,0
DA:362,0
DA:363,0
DA:364,0
DA:365,0
DA:369,0
DA:371,0
DA:373,0
DA:374,0
DA:379,0
DA:380,0
DA:381,0
DA:383,0
DA:384,0
DA:385,0
DA:390,0
DA:391,0
DA:392,0
DA:396,0
DA:397,0
DA:398,0
DA:402,0
DA:404,0
DA:405,0
DA:406,0
DA:411,0
DA:412,0
DA:413,0
DA:416,0
DA:418,0
DA:419,0
DA:421,0
DA:422,0
DA:427,0
DA:428,0
DA:430,0
DA:432,0
DA:434,0
DA:435,0
DA:436,0
DA:440,0
DA:443,0
DA:444,0
DA:445,0
DA:447,0
DA:453,0
DA:456,0
DA:457,0
DA:458,0
DA:459,0
DA:460,0
DA:463,0
DA:466,0
DA:469,0
DA:470,0
DA:475,0
DA:478,0
DA:481,0
DA:482,0
DA:483,0
DA:488,0
DA:489,0
DA:491,0
DA:494,0
DA:496,0
DA:498,0
DA:499,0
DA:502,0
DA:503,0
DA:507,0
DA:510,0
DA:513,0
DA:514,0
DA:516,0
DA:521,0
DA:523,0
DA:525,0
DA:527,0
DA:533,0
DA:536,0
DA:539,0
DA:540,0
DA:542,0
DA:546,0
DA:549,0
DA:550,0
DA:551,0
DA:556,0
DA:557,0
DA:558,0
DA:559,0
DA:561,0
DA:562,0
DA:567,0
DA:568,0
DA:569,0
DA:570,0
DA:573,0
DA:574,0
DA:576,0
DA:578,0
DA:581,0
DA:582,0
DA:583,0
DA:587,0
DA:588,0
DA:589,0
DA:592,0
DA:594,0
DA:595,0
DA:600,0
DA:601,0
DA:603,0
DA:604,0
DA:606,0
DA:609,0
DA:610,0
DA:611,0
DA:614,0
DA:617,0
DA:618,0
DA:619,0
DA:621,0
DA:625,0
DA:628,0
DA:629,0
DA:630,0
DA:635,0
DA:636,0
DA:638,0
DA:639,0
DA:641,0
DA:644,0
DA:645,0
DA:646,0
DA:649,0
DA:652,0
DA:653,0
DA:654,0
DA:656,0
DA:660,0
DA:663,0
DA:664,0
DA:665,0
DA:670,0
DA:674,0
DA:675,0
DA:682,0
DA:686,0
DA:687,0
DA:689,0
DA:691,0
DA:694,0
DA:697,0
DA:698,0
DA:699,0
DA:704,0
DA:705,0
DA:707,0
DA:710,0
DA:711,0
DA:712,0
DA:713,0
DA:715,0
DA:716,0
DA:719,0
DA:722,0
DA:723,0
DA:725,0
DA:728,0
DA:729,0
DA:733,0
DA:735,0
DA:738,0
DA:739,0
DA:740,0
DA:742,0
DA:743,0
DA:744,0
DA:747,0
DA:753,0
DA:754,0
DA:755,0
DA:756,0
DA:758,0
DA:759,0
DA:762,0
DA:763,0
DA:766,0
DA:771,0
DA:772,0
DA:773,0
DA:774,0
DA:776,0
DA:777,0
DA:780,0
DA:781,0
DA:784,0
DA:789,0
DA:792,0
DA:793,0
DA:794,0
DA:797,0
DA:798,0
DA:801,0
DA:802,0
DA:806,0
DA:815,0
DA:844,0
DA:847,1
DA:848,19
DA:849,19
DA:850,0
DA:852,19
LF:385
LH:5
BRDA:80,0,0,0
BRDA:80,0,1,0
BRDA:83,1,0,0
BRDA:83,1,1,0
BRDA:83,2,0,0
BRDA:83,2,1,0
BRDA:106,3,0,0
BRDA:106,3,1,0
BRDA:123,4,0,0
BRDA:123,4,1,0
BRDA:128,5,0,0
BRDA:128,5,1,0
BRDA:134,6,0,0
BRDA:134,6,1,0
BRDA:155,7,0,0
BRDA:155,7,1,0
BRDA:168,8,0,0
BRDA:168,8,1,0
BRDA:178,9,0,0
BRDA:178,9,1,0
BRDA:180,10,0,0
BRDA:180,10,1,0
BRDA:206,11,0,0
BRDA:206,11,1,0
BRDA:206,12,0,0
BRDA:206,12,1,0
BRDA:209,13,0,0
BRDA:209,13,1,0
BRDA:209,14,0,0
BRDA:209,14,1,0
BRDA:217,15,0,0
BRDA:217,15,1,0
BRDA:222,16,0,0
BRDA:222,16,1,0
BRDA:222,17,0,0
BRDA:222,17,1,0
BRDA:239,18,0,0
BRDA:239,18,1,0
BRDA:332,19,0,0
BRDA:332,19,1,0
BRDA:333,20,0,0
BRDA:333,20,1,0
BRDA:336,21,0,0
BRDA:336,21,1,0
BRDA:336,22,0,0
BRDA:336,22,1,0
BRDA:398,23,0,0
BRDA:398,23,1,0
BRDA:432,24,0,0
BRDA:432,24,1,0
BRDA:458,25,0,0
BRDA:458,25,1,0
BRDA:470,26,0,0
BRDA:470,26,1,0
BRDA:496,27,0,0
BRDA:496,27,1,0
BRDA:514,28,0,0
BRDA:514,28,1,0
BRDA:540,29,0,0
BRDA:540,29,1,0
BRDA:570,30,0,0
BRDA:570,30,1,0
BRDA:573,31,0,0
BRDA:573,31,1,0
BRDA:574,32,0,0
BRDA:574,32,1,0
BRDA:576,33,0,0
BRDA:576,33,1,0
BRDA:576,34,0,0
BRDA:576,34,1,0
BRDA:581,35,0,0
BRDA:581,35,1,0
BRDA:587,36,0,0
BRDA:587,36,1,0
BRDA:592,37,0,0
BRDA:592,37,1,0
BRDA:606,38,0,0
BRDA:606,38,1,0
BRDA:606,39,0,0
BRDA:606,39,1,0
BRDA:641,40,0,0
BRDA:641,40,1,0
BRDA:641,41,0,0
BRDA:641,41,1,0
BRDA:670,42,0,0
BRDA:670,43,0,0
BRDA:670,44,0,0
BRDA:674,45,0,0
BRDA:674,45,1,0
BRDA:697,46,0,0
BRDA:697,46,1,0
BRDA:710,47,0,0
BRDA:710,47,1,0
BRDA:728,48,0,0
BRDA:728,48,1,0
BRDA:728,49,0,0
BRDA:728,49,1,0
BRDA:742,50,0,0
BRDA:742,50,1,0
BRDA:742,51,0,0
BRDA:742,51,1,0
BRDA:753,52,0,0
BRDA:753,52,1,0
BRDA:762,53,0,0
BRDA:762,53,1,0
BRDA:771,54,0,0
BRDA:771,54,1,0
BRDA:780,55,0,0
BRDA:780,55,1,0
BRDA:793,56,0,0
BRDA:793,56,1,0
BRDA:849,57,0,0
BRDA:849,57,1,19
BRF:113
BRH:1
end_of_record
