# JRE version: Java(TM) SE Runtime Environment (23.0.1+11) (build 23.0.1+11-39)
# Java VM: Java HotSpot(TM) 64-Bit Server VM (23.0.1+11-39, mixed mode, emulated-client, sharing, tiered, compressed oops, compressed class ptrs, g1 gc, windows-amd64)
GC Precious Log:
 CardTable entry size: 512
 Card Set container configuration: InlinePtr #cards 4 size 8 Array Of Cards #cards 16 size 48 Howl #buckets 8 coarsen threshold 3686 Howl Bitmap #cards 512 size 80 coarsen threshold 460 Card regions per heap region 1 cards per card region 4096
 CPUs: 16 total, 16 available
 Memory: 15716M
 Large Page Support: Disabled
 NUMA Support: Disabled
 Compressed Oops: Enabled (Zero based)
 Heap Region Size: 2M
 Heap Min Capacity: 8M
 Heap Initial Capacity: 246M
 Heap Max Capacity: 3930M
 Pre-touch: Disabled
 Parallel Workers: 13
 Concurrent Workers: 3
 Concurrent Refinement Workers: 13
 Periodic GC: Disabled
Heap:
 garbage-first heap   total reserved 4024320K, committed 57344K, used 49043K [0x000000070a600000, 0x0000000800000000)
  region size 2048K, 12 young (24576K), 2 survivors (4096K)
 Metaspace       used 65582K, committed 66432K, reserved 1114112K
  class space    used 9611K, committed 9984K, reserved 1048576K
GC Heap History (20 events):
Event: 1.331 GC heap after
{Heap after GC invocations=5 (full 0):
 garbage-first heap   total reserved 4024320K, committed 57344K, used 15449K [0x000000070a600000, 0x0000000800000000)
  region size 2048K, 4 young (8192K), 4 survivors (8192K)
 Metaspace       used 23544K, committed 23936K, reserved 1114112K
  class space    used 3242K, committed 3392K, reserved 1048576K
}
Event: 1.656 GC heap before
{Heap before GC invocations=5 (full 0):
 garbage-first heap   total reserved 4024320K, committed 57344K, used 40025K [0x000000070a600000, 0x0000000800000000)
  region size 2048K, 16 young (32768K), 4 survivors (8192K)
 Metaspace       used 27243K, committed 27840K, reserved 1114112K
  class space    used 3829K, committed 4096K, reserved 1048576K
}
Event: 1.665 GC heap after
{Heap after GC invocations=6 (full 0):
 garbage-first heap   total reserved 4024320K, committed 57344K, used 17741K [0x000000070a600000, 0x0000000800000000)
  region size 2048K, 2 young (4096K), 2 survivors (4096K)
 Metaspace       used 27243K, committed 27840K, reserved 1114112K
  class space    used 3829K, committed 4096K, reserved 1048576K
}
Event: 1.959 GC heap before
{Heap before GC invocations=6 (full 0):
 garbage-first heap   total reserved 4024320K, committed 57344K, used 42317K [0x000000070a600000, 0x0000000800000000)
  region size 2048K, 14 young (28672K), 2 survivors (4096K)
 Metaspace       used 30761K, committed 31360K, reserved 1114112K
  class space    used 4367K, committed 4608K, reserved 1048576K
}
Event: 1.961 GC heap after
{Heap after GC invocations=7 (full 0):
 garbage-first heap   total reserved 4024320K, committed 57344K, used 19434K [0x000000070a600000, 0x0000000800000000)
  region size 2048K, 2 young (4096K), 2 survivors (4096K)
 Metaspace       used 30761K, committed 31360K, reserved 1114112K
  class space    used 4367K, committed 4608K, reserved 1048576K
}
Event: 2.073 GC heap before
{Heap before GC invocations=7 (full 0):
 garbage-first heap   total reserved 4024320K, committed 57344K, used 27626K [0x000000070a600000, 0x0000000800000000)
  region size 2048K, 7 young (14336K), 2 survivors (4096K)
 Metaspace       used 33184K, committed 33728K, reserved 1114112K
  class space    used 4682K, committed 4928K, reserved 1048576K
}
Event: 2.075 GC heap after
{Heap after GC invocations=8 (full 0):
 garbage-first heap   total reserved 4024320K, committed 57344K, used 19638K [0x000000070a600000, 0x0000000800000000)
  region size 2048K, 2 young (4096K), 2 survivors (4096K)
 Metaspace       used 33184K, committed 33728K, reserved 1114112K
  class space    used 4682K, committed 4928K, reserved 1048576K
}
Event: 2.430 GC heap before
{Heap before GC invocations=9 (full 0):
 garbage-first heap   total reserved 4024320K, committed 57344K, used 42166K [0x000000070a600000, 0x0000000800000000)
  region size 2048K, 14 young (28672K), 2 survivors (4096K)
 Metaspace       used 39212K, committed 39808K, reserved 1114112K
  class space    used 5667K, committed 5952K, reserved 1048576K
}
Event: 2.432 GC heap after
{Heap after GC invocations=10 (full 0):
 garbage-first heap   total reserved 4024320K, committed 57344K, used 21054K [0x000000070a600000, 0x0000000800000000)
  region size 2048K, 1 young (2048K), 1 survivors (2048K)
 Metaspace       used 39212K, committed 39808K, reserved 1114112K
  class space    used 5667K, committed 5952K, reserved 1048576K
}
Event: 2.797 GC heap before
{Heap before GC invocations=10 (full 0):
 garbage-first heap   total reserved 4024320K, committed 57344K, used 45630K [0x000000070a600000, 0x0000000800000000)
  region size 2048K, 14 young (28672K), 1 survivors (2048K)
 Metaspace       used 45852K, committed 46528K, reserved 1114112K
  class space    used 6546K, committed 6848K, reserved 1048576K
}
Event: 2.800 GC heap after
{Heap after GC invocations=11 (full 0):
 garbage-first heap   total reserved 4024320K, committed 57344K, used 22426K [0x000000070a600000, 0x0000000800000000)
  region size 2048K, 2 young (4096K), 2 survivors (4096K)
 Metaspace       used 45852K, committed 46528K, reserved 1114112K
  class space    used 6546K, committed 6848K, reserved 1048576K
}
Event: 3.140 GC heap before
{Heap before GC invocations=11 (full 0):
 garbage-first heap   total reserved 4024320K, committed 57344K, used 47002K [0x000000070a600000, 0x0000000800000000)
  region size 2048K, 14 young (28672K), 2 survivors (4096K)
 Metaspace       used 52485K, committed 53184K, reserved 1114112K
  class space    used 7684K, committed 8000K, reserved 1048576K
}
Event: 3.143 GC heap after
{Heap after GC invocations=12 (full 0):
 garbage-first heap   total reserved 4024320K, committed 57344K, used 23680K [0x000000070a600000, 0x0000000800000000)
  region size 2048K, 2 young (4096K), 2 survivors (4096K)
 Metaspace       used 52485K, committed 53184K, reserved 1114112K
  class space    used 7684K, committed 8000K, reserved 1048576K
}
Event: 3.416 GC heap before
{Heap before GC invocations=12 (full 0):
 garbage-first heap   total reserved 4024320K, committed 57344K, used 40064K [0x000000070a600000, 0x0000000800000000)
  region size 2048K, 11 young (22528K), 2 survivors (4096K)
 Metaspace       used 55950K, committed 56576K, reserved 1114112K
  class space    used 8172K, committed 8448K, reserved 1048576K
}
Event: 3.418 GC heap after
{Heap after GC invocations=13 (full 0):
 garbage-first heap   total reserved 4024320K, committed 57344K, used 24953K [0x000000070a600000, 0x0000000800000000)
  region size 2048K, 2 young (4096K), 2 survivors (4096K)
 Metaspace       used 55950K, committed 56576K, reserved 1114112K
  class space    used 8172K, committed 8448K, reserved 1048576K
}
Event: 3.672 GC heap before
{Heap before GC invocations=14 (full 0):
 garbage-first heap   total reserved 4024320K, committed 57344K, used 47481K [0x000000070a600000, 0x0000000800000000)
  region size 2048K, 13 young (26624K), 2 survivors (4096K)
 Metaspace       used 58446K, committed 59200K, reserved 1114112K
  class space    used 8593K, committed 8896K, reserved 1048576K
}
Event: 3.674 GC heap after
{Heap after GC invocations=15 (full 0):
 garbage-first heap   total reserved 4024320K, committed 57344K, used 27273K [0x000000070a600000, 0x0000000800000000)
  region size 2048K, 2 young (4096K), 2 survivors (4096K)
 Metaspace       used 58446K, committed 59200K, reserved 1114112K
  class space    used 8593K, committed 8896K, reserved 1048576K
}
Event: 6.498 GC heap before
{Heap before GC invocations=15 (full 0):
 garbage-first heap   total reserved 4024320K, committed 57344K, used 45705K [0x000000070a600000, 0x0000000800000000)
  region size 2048K, 12 young (24576K), 2 survivors (4096K)
 Metaspace       used 61700K, committed 62528K, reserved 1114112K
  class space    used 9057K, committed 9408K, reserved 1048576K
}
Event: 6.502 GC heap after
{Heap after GC invocations=16 (full 0):
 garbage-first heap   total reserved 4024320K, committed 57344K, used 28563K [0x000000070a600000, 0x0000000800000000)
  region size 2048K, 2 young (4096K), 2 survivors (4096K)
 Metaspace       used 61700K, committed 62528K, reserved 1114112K
  class space    used 9057K, committed 9408K, reserved 1048576K
}
Event: 308.563 GC heap before
{Heap before GC invocations=16 (full 0):
 garbage-first heap   total reserved 4024320K, committed 57344K, used 46995K [0x000000070a600000, 0x0000000800000000)
  region size 2048K, 12 young (24576K), 2 survivors (4096K)
 Metaspace       used 65582K, committed 66432K, reserved 1114112K
  class space    used 9611K, committed 9984K, reserved 1048576K
}

